[1] "using maize_env"
Le chargement a nécessité le package : Matrix

Attachement du package : ‘tidyr’

Les objets suivants sont masqués depuis ‘package:Matrix’:

    expand, pack, unpack

Le chargement a nécessité le package : foreach
Le chargement a nécessité le package : iterators
Le chargement a nécessité le package : parallel
Le chargement a nécessité le package : rngtools
This build of rgl does not include OpenGL functions.  Use
 rglwidget() to display results, e.g. via options(rgl.printRglwidget = TRUE).
Le chargement a nécessité le package : Rcpp
Le chargement a nécessité le package : RcppZiggurat
Le chargement a nécessité le package : RcppParallel

Attachement du package : ‘RcppParallel’

L'objet suivant est masqué depuis ‘package:Rcpp’:

    LdFlags


Rfast: 2.1.0
 ___ __ __ __ __    __ __ __ __ __ _             _               __ __ __ __ __     __ __ __ __ __ __   
|  __ __ __ __  |  |  __ __ __ __ _/            / \             |  __ __ __ __ /   /__ __ _   _ __ __\  
| |           | |  | |                         / _ \            | |                        / /          
| |           | |  | |                        / / \ \           | |                       / /          
| |           | |  | |                       / /   \ \          | |                      / /          
| |__ __ __ __| |  | |__ __ __ __           / /     \ \         | |__ __ __ __ _        / /__/\          
|    __ __ __ __|  |  __ __ __ __|         / /__ _ __\ \        |_ __ __ __ _   |      / ___  /           
|   \              | |                    / _ _ _ _ _ _ \                     | |      \/  / /       
| |\ \             | |                   / /           \ \                    | |         / /          
| | \ \            | |                  / /             \ \                   | |        / /          
| |  \ \           | |                 / /               \ \                  | |       / /          
| |   \ \__ __ _   | |                / /                 \ \     _ __ __ __ _| |      / /          
|_|    \__ __ __\  |_|               /_/                   \_\   /_ __ __ __ ___|      \/             team

Attachement du package : ‘Rfast’

Les objets suivants sont masqués depuis ‘package:robustbase’:

    colMedians, rowMedians

L'objet suivant est masqué depuis ‘package:data.table’:

    transpose

Le chargement a nécessité le package : lattice

Attachement du package : ‘plotly’

L'objet suivant est masqué depuis ‘package:ggplot2’:

    last_plot

L'objet suivant est masqué depuis ‘package:MASS’:

    select

L'objet suivant est masqué depuis ‘package:stats’:

    filter

L'objet suivant est masqué depuis ‘package:graphics’:

    layout


Attachement du package : ‘dplyr’

L'objet suivant est masqué depuis ‘package:Rfast’:

    nth

Les objets suivants sont masqués depuis ‘package:data.table’:

    between, first, last

L'objet suivant est masqué depuis ‘package:MASS’:

    select

Les objets suivants sont masqués depuis ‘package:stats’:

    filter, lag

Les objets suivants sont masqués depuis ‘package:base’:

    intersect, setdiff, setequal, union


Attachement du package : ‘kernlab’

L'objet suivant est masqué depuis ‘package:ggplot2’:

    alpha

Le chargement a nécessité le package : corpcor

Attachement du package : ‘corpcor’

L'objet suivant est masqué depuis ‘package:matrixcalc’:

    is.positive.definite

Loaded glmnet 4.1-8

Loaded mixOmics 6.25.1
Thank you for using mixOmics!
Tutorials: http://mixomics.org
Bookdown vignette: https://mixomicsteam.github.io/Bookdown
Questions, issues: Follow the prompts at http://mixomics.org/contact-us
Cite us:  citation('mixOmics')

[1] "kernel: linear"
[1] "trait: grain.yield"
                RF_wiser SVR_wiser GBLUP_wiser RKHS_wiser LASSO_wiser
gp_scenario_1       0.79      0.85       0.850       0.85       0.760
gp_scenario_2       0.80      0.81       0.800       0.80       0.780
gp_scenario_3       0.72      0.74       0.720       0.72       0.700
gp_scenario_4       0.69      0.72       0.730       0.73       0.680
gp_scenario_5       0.62      0.64       0.640       0.64       0.610
gp_scenario_6       0.71      0.72       0.720       0.73       0.680
gp_scenario_7       0.72      0.75       0.750       0.75       0.720
gp_scenario_8       0.75      0.81       0.810       0.82       0.750
gp_scenario_9       0.74      0.73       0.720       0.73       0.690
gp_scenario_10      0.81      0.80       0.800       0.81       0.750
gp_scenario_11      0.78      0.81       0.810       0.81       0.760
gp_scenario_12      0.76      0.75       0.750       0.76       0.710
gp_scenario_13      0.78      0.82       0.810       0.81       0.800
gp_scenario_14      0.77      0.78       0.780       0.79       0.730
gp_scenario_15      0.66      0.71       0.730       0.73       0.670
gp_scenario_16      0.73      0.77       0.750       0.76       0.730
gp_scenario_17      0.73      0.74       0.740       0.74       0.720
gp_scenario_18      0.77      0.82       0.830       0.83       0.840
gp_scenario_19      0.77      0.76       0.770       0.77       0.790
gp_scenario_20      0.67      0.71       0.710       0.71       0.630
gp_scenario_21      0.75      0.77       0.770       0.77       0.740
gp_scenario_22      0.73      0.78       0.810       0.80       0.630
gp_scenario_23      0.73      0.76       0.750       0.76       0.670
gp_scenario_24      0.67      0.69       0.680       0.69       0.600
gp_scenario_25      0.81      0.80       0.780       0.79       0.800
gp_scenario_26      0.73      0.75       0.760       0.76       0.750
gp_scenario_27      0.70      0.72       0.710       0.72       0.710
gp_scenario_28      0.82      0.82       0.790       0.80       0.740
gp_scenario_29      0.74      0.77       0.750       0.75       0.740
gp_scenario_30      0.68      0.70       0.710       0.72       0.660
gp_scenario_31      0.65      0.69       0.690       0.70       0.660
gp_scenario_32      0.67      0.70       0.650       0.66       0.600
gp_scenario_33      0.80      0.78       0.770       0.78       0.750
gp_scenario_34      0.75      0.78       0.780       0.78       0.690
gp_scenario_35      0.73      0.78       0.780       0.78       0.710
gp_scenario_36      0.83      0.86       0.850       0.86       0.820
gp_scenario_37      0.52      0.70       0.680       0.69       0.530
gp_scenario_38      0.74      0.74       0.720       0.73       0.700
gp_scenario_39      0.75      0.80       0.810       0.82       0.760
gp_scenario_40      0.65      0.66       0.660       0.66       0.660
gp_scenario_41      0.68      0.68       0.650       0.66       0.560
gp_scenario_42      0.79      0.79       0.790       0.79       0.760
gp_scenario_43      0.72      0.71       0.710       0.71       0.700
gp_scenario_44      0.79      0.81       0.820       0.82       0.770
gp_scenario_45      0.76      0.77       0.800       0.79       0.720
gp_scenario_46      0.70      0.74       0.740       0.74       0.690
gp_scenario_47      0.78      0.82       0.820       0.82       0.780
gp_scenario_48      0.57      0.65       0.680       0.68       0.530
gp_scenario_49      0.74      0.73       0.730       0.73       0.730
gp_scenario_50      0.81      0.84       0.860       0.86       0.810
gp_scenario_51      0.70      0.76       0.780       0.78       0.740
gp_scenario_52      0.80      0.82       0.820       0.82       0.750
gp_scenario_53      0.78      0.78       0.780       0.78       0.740
gp_scenario_54      0.59      0.61       0.620       0.62       0.560
gp_scenario_55      0.79      0.80       0.780       0.78       0.770
gp_scenario_56      0.80      0.78       0.740       0.75       0.690
gp_scenario_57      0.81      0.84       0.850       0.85       0.750
gp_scenario_58      0.73      0.70       0.690       0.69       0.590
gp_scenario_59      0.79      0.83       0.840       0.84       0.780
gp_scenario_60      0.70      0.70       0.710       0.71       0.690
gp_scenario_61      0.66      0.65       0.640       0.64       0.690
gp_scenario_62      0.68      0.72       0.700       0.70       0.590
gp_scenario_63      0.72      0.76       0.770       0.77       0.700
gp_scenario_64      0.87      0.87       0.890       0.89       0.820
gp_scenario_65      0.74      0.74       0.730       0.73       0.780
gp_scenario_66      0.72      0.78       0.760       0.77       0.720
gp_scenario_67      0.75      0.79       0.800       0.80       0.680
gp_scenario_68      0.75      0.75       0.730       0.74       0.770
gp_scenario_69      0.70      0.71       0.710       0.71       0.650
gp_scenario_70      0.80      0.82       0.820       0.82       0.810
gp_scenario_71      0.60      0.59       0.600       0.60       0.580
gp_scenario_72      0.74      0.78       0.780       0.78       0.640
gp_scenario_73      0.75      0.78       0.800       0.80       0.700
gp_scenario_74      0.82      0.85       0.840       0.84       0.720
gp_scenario_75      0.76      0.76       0.740       0.74       0.690
gp_scenario_76      0.71      0.75       0.770       0.77       0.710
gp_scenario_77      0.76      0.78       0.770       0.78       0.780
gp_scenario_78      0.70      0.73       0.750       0.75       0.680
gp_scenario_79      0.70      0.73       0.740       0.74       0.670
gp_scenario_80      0.78      0.81       0.780       0.78       0.700
gp_scenario_81      0.80      0.82       0.800       0.81       0.800
gp_scenario_82      0.72      0.73       0.770       0.76       0.760
gp_scenario_83      0.78      0.80       0.790       0.79       0.750
gp_scenario_84      0.79      0.77       0.780       0.78       0.790
gp_scenario_85      0.72      0.74       0.730       0.73       0.730
gp_scenario_86      0.81      0.84       0.840       0.84       0.820
gp_scenario_87      0.62      0.63       0.690       0.68       0.640
gp_scenario_88      0.75      0.76       0.760       0.76       0.760
gp_scenario_89      0.82      0.83       0.820       0.82       0.790
gp_scenario_90      0.72      0.69       0.680       0.69       0.650
gp_scenario_91      0.65      0.66       0.630       0.64       0.650
gp_scenario_92      0.68      0.71       0.710       0.71       0.690
gp_scenario_93      0.84      0.84       0.830       0.83       0.810
gp_scenario_94      0.78      0.79       0.800       0.80       0.820
gp_scenario_95      0.70      0.71       0.710       0.71       0.640
gp_scenario_96      0.76      0.79       0.770       0.78       0.690
gp_scenario_97      0.78      0.80       0.800       0.80       0.710
gp_scenario_98      0.81      0.82       0.790       0.80       0.800
gp_scenario_99      0.77      0.79       0.810       0.81       0.780
gp_scenario_100     0.63      0.66       0.700       0.70       0.620
pa_median           0.74      0.76       0.770       0.77       0.720
pa_iqr              0.08      0.08       0.083       0.08       0.083
                RF_ls_means SVR_ls_means GBLUP_ls_means RKHS_ls_means
gp_scenario_1          0.76         0.81           0.78          0.79
gp_scenario_2          0.67         0.66           0.62          0.63
gp_scenario_3          0.61         0.69           0.70          0.71
gp_scenario_4          0.64         0.66           0.65          0.65
gp_scenario_5          0.45         0.49           0.53          0.51
gp_scenario_6          0.69         0.65           0.65          0.66
gp_scenario_7          0.56         0.64           0.60          0.61
gp_scenario_8          0.63         0.67           0.71          0.71
gp_scenario_9          0.56         0.60           0.58          0.59
gp_scenario_10         0.72         0.76           0.76          0.77
gp_scenario_11         0.69         0.71           0.75          0.74
gp_scenario_12         0.65         0.65           0.64          0.64
gp_scenario_13         0.68         0.69           0.66          0.67
gp_scenario_14         0.63         0.66           0.65          0.66
gp_scenario_15         0.53         0.58           0.60          0.60
gp_scenario_16         0.55         0.61           0.56          0.57
gp_scenario_17         0.59         0.58           0.57          0.57
gp_scenario_18         0.67         0.77           0.79          0.79
gp_scenario_19         0.63         0.64           0.66          0.67
gp_scenario_20         0.66         0.75           0.72          0.73
gp_scenario_21         0.62         0.62           0.66          0.66
gp_scenario_22         0.62         0.72           0.72          0.73
gp_scenario_23         0.56         0.64           0.64          0.65
gp_scenario_24         0.59         0.61           0.62          0.62
gp_scenario_25         0.66         0.65           0.63          0.63
gp_scenario_26         0.60         0.62           0.62          0.62
gp_scenario_27         0.64         0.65           0.65          0.66
gp_scenario_28         0.71         0.76           0.73          0.74
gp_scenario_29         0.63         0.69           0.66          0.67
gp_scenario_30         0.55         0.61           0.61          0.61
gp_scenario_31         0.58         0.64           0.71          0.68
gp_scenario_32         0.60         0.62           0.57          0.59
gp_scenario_33         0.63         0.63           0.63          0.63
gp_scenario_34         0.67         0.68           0.68          0.69
gp_scenario_35         0.52         0.70           0.66          0.67
gp_scenario_36         0.82         0.83           0.80          0.81
gp_scenario_37         0.38         0.59           0.63          0.62
gp_scenario_38         0.65         0.68           0.68          0.68
gp_scenario_39         0.69         0.73           0.71          0.71
gp_scenario_40         0.44         0.47           0.49          0.49
gp_scenario_41         0.52         0.51           0.46          0.47
gp_scenario_42         0.66         0.69           0.68          0.69
gp_scenario_43         0.69         0.69           0.69          0.69
gp_scenario_44         0.67         0.73           0.74          0.74
gp_scenario_45         0.65         0.73           0.73          0.74
gp_scenario_46         0.63         0.69           0.71          0.70
gp_scenario_47         0.64         0.73           0.73          0.74
gp_scenario_48         0.33         0.50           0.51          0.52
gp_scenario_49         0.64         0.64           0.67          0.66
gp_scenario_50         0.75         0.73           0.73          0.74
gp_scenario_51         0.66         0.72           0.73          0.74
gp_scenario_52         0.71         0.74           0.73          0.74
gp_scenario_53         0.70         0.72           0.73          0.73
gp_scenario_54         0.52         0.54           0.56          0.55
gp_scenario_55         0.70         0.67           0.67          0.67
gp_scenario_56         0.64         0.63           0.62          0.62
gp_scenario_57         0.70         0.71           0.72          0.71
gp_scenario_58         0.66         0.65           0.68          0.68
gp_scenario_59         0.75         0.77           0.74          0.75
gp_scenario_60         0.54         0.57           0.58          0.58
gp_scenario_61         0.50         0.51           0.55          0.55
gp_scenario_62         0.56         0.59           0.56          0.57
gp_scenario_63         0.60         0.66           0.68          0.68
gp_scenario_64         0.76         0.77           0.78          0.78
gp_scenario_65         0.63         0.65           0.64          0.64
gp_scenario_66         0.71         0.73           0.72          0.73
gp_scenario_67         0.63         0.67           0.69          0.69
gp_scenario_68         0.58         0.61           0.63          0.63
gp_scenario_69         0.56         0.58           0.58          0.58
gp_scenario_70         0.75         0.78           0.77          0.78
gp_scenario_71         0.34         0.41           0.43          0.44
gp_scenario_72         0.62         0.73           0.73          0.73
gp_scenario_73         0.66         0.69           0.75          0.73
gp_scenario_74         0.72         0.76           0.78          0.78
gp_scenario_75         0.73         0.64           0.60          0.61
gp_scenario_76         0.63         0.65           0.68          0.68
gp_scenario_77         0.58         0.64           0.69          0.68
gp_scenario_78         0.61         0.66           0.66          0.66
gp_scenario_79         0.69         0.71           0.73          0.73
gp_scenario_80         0.71         0.73           0.71          0.73
gp_scenario_81         0.67         0.68           0.72          0.71
gp_scenario_82         0.57         0.61           0.60          0.61
gp_scenario_83         0.73         0.74           0.71          0.72
gp_scenario_84         0.69         0.70           0.72          0.72
gp_scenario_85         0.57         0.56           0.53          0.54
gp_scenario_86         0.68         0.70           0.72          0.72
gp_scenario_87         0.51         0.56           0.57          0.57
gp_scenario_88         0.54         0.59           0.64          0.62
gp_scenario_89         0.74         0.73           0.71          0.71
gp_scenario_90         0.58         0.64           0.61          0.63
gp_scenario_91         0.61         0.60           0.54          0.55
gp_scenario_92         0.47         0.52           0.52          0.53
gp_scenario_93         0.73         0.72           0.70          0.70
gp_scenario_94         0.63         0.63           0.62          0.63
gp_scenario_95         0.72         0.76           0.78          0.79
gp_scenario_96         0.64         0.70           0.68          0.69
gp_scenario_97         0.50         0.58           0.62          0.62
gp_scenario_98         0.71         0.73           0.66          0.68
gp_scenario_99         0.67         0.74           0.76          0.75
gp_scenario_100        0.46         0.50           0.52          0.52
pa_median              0.64         0.66           0.66          0.67
pa_iqr                 0.11         0.11           0.10          0.11
                LASSO_ls_means RF_blups SVR_blups GBLUP_blups RKHS_blups
gp_scenario_1             0.70     0.63      0.63        0.58       0.63
gp_scenario_2             0.60     0.41      0.39        0.39       0.39
gp_scenario_3             0.63     0.35      0.46        0.49       0.50
gp_scenario_4             0.57     0.47      0.44        0.46       0.46
gp_scenario_5             0.44     0.43      0.42        0.48       0.43
gp_scenario_6             0.51     0.42      0.41        0.45       0.45
gp_scenario_7             0.54     0.33      0.36        0.33       0.34
gp_scenario_8             0.67     0.49      0.55        0.55       0.58
gp_scenario_9             0.51     0.31      0.23        0.25       0.26
gp_scenario_10            0.72     0.67      0.66        0.67       0.67
gp_scenario_11            0.77     0.50      0.50        0.58       0.55
gp_scenario_12            0.63     0.48      0.44        0.43       0.44
gp_scenario_13            0.68     0.39      0.44        0.43       0.45
gp_scenario_14            0.58     0.44      0.41        0.42       0.43
gp_scenario_15            0.53     0.34      0.45        0.49       0.48
gp_scenario_16            0.49     0.38      0.39        0.33       0.35
gp_scenario_17            0.58     0.34      0.36        0.35       0.36
gp_scenario_18            0.67     0.56      0.63        0.67       0.66
gp_scenario_19            0.61     0.50      0.50        0.52       0.53
gp_scenario_20            0.66     0.43      0.47        0.40       0.44
gp_scenario_21            0.72     0.45      0.39        0.49       0.48
gp_scenario_22            0.56     0.46      0.52        0.53       0.54
gp_scenario_23            0.47     0.35      0.40        0.40       0.43
gp_scenario_24            0.41     0.52      0.55        0.57       0.58
gp_scenario_25            0.59     0.45      0.44        0.37       0.38
gp_scenario_26            0.57     0.45      0.49        0.50       0.51
gp_scenario_27            0.53     0.46      0.42        0.41       0.42
gp_scenario_28            0.63     0.59      0.62        0.61       0.62
gp_scenario_29            0.56     0.24      0.34        0.32       0.34
gp_scenario_30            0.53     0.51      0.51        0.51       0.51
gp_scenario_31            0.55     0.47      0.54        0.64       0.59
gp_scenario_32            0.48     0.41      0.46        0.42       0.44
gp_scenario_33            0.68     0.41      0.35        0.38       0.37
gp_scenario_34            0.57     0.49      0.51        0.52       0.52
gp_scenario_35            0.56     0.38      0.46        0.44       0.46
gp_scenario_36            0.77     0.55      0.60        0.57       0.58
gp_scenario_37            0.61     0.25      0.34        0.44       0.41
gp_scenario_38            0.62     0.53      0.52        0.53       0.54
gp_scenario_39            0.67     0.49      0.48        0.50       0.51
gp_scenario_40            0.47     0.31      0.27        0.35       0.34
gp_scenario_41            0.37     0.27      0.30        0.27       0.29
gp_scenario_42            0.59     0.55      0.56        0.56       0.57
gp_scenario_43            0.71     0.49      0.46        0.48       0.46
gp_scenario_44            0.68     0.59      0.58        0.62       0.62
gp_scenario_45            0.69     0.40      0.49        0.51       0.51
gp_scenario_46            0.59     0.33      0.44        0.48       0.47
gp_scenario_47            0.60     0.53      0.55        0.59       0.60
gp_scenario_48            0.45     0.39      0.41        0.45       0.45
gp_scenario_49            0.66     0.38      0.39        0.47       0.45
gp_scenario_50            0.70     0.67      0.56        0.54       0.58
gp_scenario_51            0.72     0.43      0.46        0.48       0.50
gp_scenario_52            0.75     0.56      0.56        0.57       0.58
gp_scenario_53            0.65     0.50      0.48        0.51       0.50
gp_scenario_54            0.52     0.31      0.47        0.46       0.46
gp_scenario_55            0.71     0.57      0.48        0.50       0.49
gp_scenario_56            0.56     0.42      0.35        0.38       0.38
gp_scenario_57            0.67     0.62      0.66        0.66       0.65
gp_scenario_58            0.69     0.44      0.41        0.47       0.46
gp_scenario_59            0.75     0.59      0.58        0.56       0.58
gp_scenario_60            0.57     0.28      0.29        0.34       0.34
gp_scenario_61            0.57     0.42      0.34        0.41       0.42
gp_scenario_62            0.51     0.28      0.40        0.37       0.39
gp_scenario_63            0.66     0.44      0.50        0.55       0.54
gp_scenario_64            0.64     0.56      0.52        0.60       0.58
gp_scenario_65            0.64     0.44      0.41        0.44       0.43
gp_scenario_66            0.67     0.52      0.53        0.52       0.53
gp_scenario_67            0.50     0.34      0.49        0.52       0.53
gp_scenario_68            0.54     0.50      0.50        0.51       0.52
gp_scenario_69            0.58     0.24      0.36        0.36       0.36
gp_scenario_70            0.74     0.66      0.65        0.66       0.68
gp_scenario_71            0.37     0.31      0.41        0.45       0.44
gp_scenario_72            0.60     0.28      0.44        0.48       0.49
gp_scenario_73            0.63     0.49      0.48        0.57       0.55
gp_scenario_74            0.70     0.48      0.52        0.57       0.56
gp_scenario_75            0.64     0.39      0.30        0.29       0.30
gp_scenario_76            0.58     0.44      0.51        0.53       0.53
gp_scenario_77            0.63     0.46      0.46        0.56       0.52
gp_scenario_78            0.52     0.35      0.41        0.41       0.42
gp_scenario_79            0.74     0.52      0.56        0.58       0.59
gp_scenario_80            0.70     0.55      0.54        0.56       0.56
gp_scenario_81            0.57     0.45      0.44        0.50       0.47
gp_scenario_82            0.60     0.26      0.25        0.29       0.29
gp_scenario_83            0.68     0.54      0.54        0.51       0.53
gp_scenario_84            0.62     0.55      0.58        0.63       0.62
gp_scenario_85            0.55     0.48      0.46        0.41       0.42
gp_scenario_86            0.66     0.44      0.48        0.53       0.53
gp_scenario_87            0.56     0.26      0.37        0.40       0.40
gp_scenario_88            0.62     0.40      0.41        0.51       0.48
gp_scenario_89            0.69     0.41      0.41        0.42       0.43
gp_scenario_90            0.58     0.52      0.50        0.47       0.49
gp_scenario_91            0.71     0.48      0.46        0.43       0.44
gp_scenario_92            0.43     0.37      0.33        0.35       0.35
gp_scenario_93            0.73     0.24      0.23        0.24       0.25
gp_scenario_94            0.63     0.55      0.49        0.48       0.50
gp_scenario_95            0.74     0.55      0.56        0.62       0.62
gp_scenario_96            0.66     0.41      0.46        0.41       0.44
gp_scenario_97            0.57     0.50      0.49        0.52       0.52
gp_scenario_98            0.71     0.50      0.47        0.43       0.46
gp_scenario_99            0.67     0.47      0.51        0.58       0.54
gp_scenario_100           0.46     0.26      0.35        0.39       0.37
pa_median                 0.62     0.45      0.46        0.48       0.48
pa_iqr                    0.12     0.13      0.11        0.14       0.11
                LASSO_blups
gp_scenario_1         0.490
gp_scenario_2         0.280
gp_scenario_3         0.130
gp_scenario_4         0.450
gp_scenario_5         0.260
gp_scenario_6         0.310
gp_scenario_7         0.260
gp_scenario_8         0.520
gp_scenario_9         0.170
gp_scenario_10        0.600
gp_scenario_11        0.480
gp_scenario_12        0.380
gp_scenario_13        0.330
gp_scenario_14        0.310
gp_scenario_15        0.290
gp_scenario_16        0.240
gp_scenario_17        0.280
gp_scenario_18        0.250
gp_scenario_19        0.460
gp_scenario_20        0.330
gp_scenario_21        0.400
gp_scenario_22        0.370
gp_scenario_23        0.160
gp_scenario_24        0.350
gp_scenario_25        0.360
gp_scenario_26        0.410
gp_scenario_27        0.330
gp_scenario_28        0.520
gp_scenario_29        0.098
gp_scenario_30        0.450
gp_scenario_31        0.410
gp_scenario_32        0.200
gp_scenario_33        0.400
gp_scenario_34        0.280
gp_scenario_35        0.220
gp_scenario_36        0.380
gp_scenario_37        0.220
gp_scenario_38        0.390
gp_scenario_39        0.330
gp_scenario_40        0.370
gp_scenario_41        0.083
gp_scenario_42        0.500
gp_scenario_43        0.370
gp_scenario_44        0.460
gp_scenario_45        0.240
gp_scenario_46        0.093
gp_scenario_47        0.400
gp_scenario_48        0.160
gp_scenario_49        0.250
gp_scenario_50        0.490
gp_scenario_51        0.450
gp_scenario_52        0.490
gp_scenario_53           NA
gp_scenario_54        0.290
gp_scenario_55        0.480
gp_scenario_56        0.220
gp_scenario_57        0.510
gp_scenario_58        0.460
gp_scenario_59        0.530
gp_scenario_60        0.340
gp_scenario_61        0.430
gp_scenario_62        0.100
gp_scenario_63        0.500
gp_scenario_64        0.370
gp_scenario_65        0.320
gp_scenario_66        0.510
gp_scenario_67        0.120
gp_scenario_68        0.450
gp_scenario_69        0.250
gp_scenario_70        0.500
gp_scenario_71        0.260
gp_scenario_72        0.320
gp_scenario_73        0.400
gp_scenario_74        0.360
gp_scenario_75        0.300
gp_scenario_76        0.360
gp_scenario_77        0.420
gp_scenario_78        0.250
gp_scenario_79        0.560
gp_scenario_80        0.430
gp_scenario_81        0.410
gp_scenario_82        0.160
gp_scenario_83        0.460
gp_scenario_84        0.460
gp_scenario_85        0.500
gp_scenario_86        0.380
gp_scenario_87        0.240
gp_scenario_88        0.320
gp_scenario_89        0.170
gp_scenario_90        0.360
gp_scenario_91        0.430
gp_scenario_92        0.170
gp_scenario_93        0.310
gp_scenario_94        0.470
gp_scenario_95        0.460
gp_scenario_96        0.380
gp_scenario_97        0.460
gp_scenario_98        0.430
gp_scenario_99        0.430
gp_scenario_100       0.330
pa_median             0.370
pa_iqr                0.190
                GBLUP_wiser GBLUP_ls_means GBLUP_blups
gp_scenario_1          0.96           0.90        0.83
gp_scenario_2          0.98           0.97        0.96
gp_scenario_3          0.96           0.90        0.83
gp_scenario_4          0.97           0.97        0.94
gp_scenario_5          0.97           0.90        0.81
gp_scenario_6          0.97           0.90        0.84
gp_scenario_7          0.95           0.96        0.92
gp_scenario_8          0.96           0.89        0.80
gp_scenario_9          0.99           0.97        0.94
gp_scenario_10         0.97           0.92        0.86
gp_scenario_11         0.96           0.87        0.79
gp_scenario_12         0.97           0.97        0.95
gp_scenario_13         0.98           0.95        0.92
gp_scenario_14         0.96           0.93        0.89
gp_scenario_15         0.97           0.91        0.82
gp_scenario_16         0.98           0.95        0.92
gp_scenario_17         0.96           0.94        0.89
gp_scenario_18         0.95           0.91        0.84
gp_scenario_19         0.98           0.92        0.85
gp_scenario_20         0.98           0.93        0.88
gp_scenario_21         0.98           0.95        0.91
gp_scenario_22         0.96           0.90        0.83
gp_scenario_23         0.97           0.91        0.85
gp_scenario_24         0.97           0.93        0.88
gp_scenario_25         0.97           0.95        0.91
gp_scenario_26         0.98           0.96        0.92
gp_scenario_27         0.97           0.94        0.90
gp_scenario_28         0.97           0.91        0.85
gp_scenario_29         0.96           0.94        0.90
gp_scenario_30         0.97           0.94        0.88
gp_scenario_31         0.97           0.87        0.76
gp_scenario_32         0.97           0.95        0.91
gp_scenario_33         0.98           0.93        0.88
gp_scenario_34         0.98           0.95        0.92
gp_scenario_35         0.97           0.94        0.89
gp_scenario_36         0.96           0.92        0.87
gp_scenario_37         0.98           0.91        0.85
gp_scenario_38         0.98           0.92        0.85
gp_scenario_39         0.94           0.92        0.87
gp_scenario_40         0.98           0.96        0.92
gp_scenario_41         0.98           0.95        0.91
gp_scenario_42         0.98           0.93        0.84
gp_scenario_43         0.97           0.92        0.87
gp_scenario_44         0.96           0.92        0.85
gp_scenario_45         0.95           0.92        0.88
gp_scenario_46         0.95           0.89        0.82
gp_scenario_47         0.97           0.91        0.84
gp_scenario_48         0.97           0.95        0.90
gp_scenario_49         0.97           0.93        0.89
gp_scenario_50         0.97           0.92        0.85
gp_scenario_51         0.98           0.92        0.87
gp_scenario_52         0.96           0.91        0.87
gp_scenario_53         0.97           0.93        0.87
gp_scenario_54         0.95           0.93        0.86
gp_scenario_55         0.98           0.93        0.89
gp_scenario_56         0.98           0.92        0.88
gp_scenario_57         0.93           0.90        0.82
gp_scenario_58         0.98           0.92        0.86
gp_scenario_59         0.96           0.94        0.89
gp_scenario_60         0.98           0.95        0.90
gp_scenario_61         0.96           0.91        0.83
gp_scenario_62         0.98           0.95        0.90
gp_scenario_63         0.97           0.91        0.84
gp_scenario_64         0.94           0.90        0.84
gp_scenario_65         0.97           0.95        0.92
gp_scenario_66         0.99           0.95        0.91
gp_scenario_67         0.96           0.90        0.82
gp_scenario_68         0.98           0.95        0.90
gp_scenario_69         0.96           0.94        0.88
gp_scenario_70         0.96           0.91        0.84
gp_scenario_71         0.96           0.92        0.83
gp_scenario_72         0.97           0.95        0.92
gp_scenario_73         0.97           0.89        0.82
gp_scenario_74         0.97           0.91        0.85
gp_scenario_75         0.98           0.96        0.94
gp_scenario_76         0.98           0.97        0.94
gp_scenario_77         0.96           0.90        0.83
gp_scenario_78         0.97           0.96        0.92
gp_scenario_79         0.97           0.88        0.79
gp_scenario_80         0.97           0.88        0.81
gp_scenario_81         0.98           0.90        0.82
gp_scenario_82         0.97           0.96        0.94
gp_scenario_83         0.97           0.95        0.91
gp_scenario_84         0.94           0.89        0.82
gp_scenario_85         0.98           0.97        0.94
gp_scenario_86         0.98           0.92        0.87
gp_scenario_87         0.95           0.95        0.91
gp_scenario_88         0.98           0.93        0.89
gp_scenario_89         0.97           0.91        0.85
gp_scenario_90         0.97           0.92        0.86
gp_scenario_91         0.98           0.95        0.91
gp_scenario_92         0.98           0.96        0.91
gp_scenario_93         0.94           0.93        0.89
gp_scenario_94         0.96           0.94        0.89
gp_scenario_95         0.97           0.90        0.84
gp_scenario_96         0.98           0.96        0.93
gp_scenario_97         0.98           0.96        0.91
gp_scenario_98         0.96           0.94        0.90
gp_scenario_99         0.93           0.89        0.82
gp_scenario_100        0.96           0.90        0.83
h2_median              0.97           0.93        0.88
h2_iqr                 0.02           0.04        0.07
