[1] "using maize_env"
Le chargement a nécessité le package : Matrix

Attachement du package : ‘tidyr’

Les objets suivants sont masqués depuis ‘package:Matrix’:

    expand, pack, unpack

Le chargement a nécessité le package : foreach
Le chargement a nécessité le package : iterators
Le chargement a nécessité le package : parallel
Le chargement a nécessité le package : rngtools
This build of rgl does not include OpenGL functions.  Use
 rglwidget() to display results, e.g. via options(rgl.printRglwidget = TRUE).
Le chargement a nécessité le package : Rcpp
Le chargement a nécessité le package : RcppZiggurat
Le chargement a nécessité le package : RcppParallel

Attachement du package : ‘RcppParallel’

L'objet suivant est masqué depuis ‘package:Rcpp’:

    LdFlags


Rfast: 2.1.0
 ___ __ __ __ __    __ __ __ __ __ _             _               __ __ __ __ __     __ __ __ __ __ __   
|  __ __ __ __  |  |  __ __ __ __ _/            / \             |  __ __ __ __ /   /__ __ _   _ __ __\  
| |           | |  | |                         / _ \            | |                        / /          
| |           | |  | |                        / / \ \           | |                       / /          
| |           | |  | |                       / /   \ \          | |                      / /          
| |__ __ __ __| |  | |__ __ __ __           / /     \ \         | |__ __ __ __ _        / /__/\          
|    __ __ __ __|  |  __ __ __ __|         / /__ _ __\ \        |_ __ __ __ _   |      / ___  /           
|   \              | |                    / _ _ _ _ _ _ \                     | |      \/  / /       
| |\ \             | |                   / /           \ \                    | |         / /          
| | \ \            | |                  / /             \ \                   | |        / /          
| |  \ \           | |                 / /               \ \                  | |       / /          
| |   \ \__ __ _   | |                / /                 \ \     _ __ __ __ _| |      / /          
|_|    \__ __ __\  |_|               /_/                   \_\   /_ __ __ __ ___|      \/             team

Attachement du package : ‘Rfast’

Les objets suivants sont masqués depuis ‘package:robustbase’:

    colMedians, rowMedians

L'objet suivant est masqué depuis ‘package:data.table’:

    transpose

Le chargement a nécessité le package : lattice

Attachement du package : ‘plotly’

L'objet suivant est masqué depuis ‘package:ggplot2’:

    last_plot

L'objet suivant est masqué depuis ‘package:MASS’:

    select

L'objet suivant est masqué depuis ‘package:stats’:

    filter

L'objet suivant est masqué depuis ‘package:graphics’:

    layout


Attachement du package : ‘dplyr’

L'objet suivant est masqué depuis ‘package:Rfast’:

    nth

Les objets suivants sont masqués depuis ‘package:data.table’:

    between, first, last

L'objet suivant est masqué depuis ‘package:MASS’:

    select

Les objets suivants sont masqués depuis ‘package:stats’:

    filter, lag

Les objets suivants sont masqués depuis ‘package:base’:

    intersect, setdiff, setequal, union


Attachement du package : ‘kernlab’

L'objet suivant est masqué depuis ‘package:ggplot2’:

    alpha

Le chargement a nécessité le package : corpcor

Attachement du package : ‘corpcor’

L'objet suivant est masqué depuis ‘package:matrixcalc’:

    is.positive.definite

Loaded glmnet 4.1-8

Loaded mixOmics 6.25.1
Thank you for using mixOmics!
Tutorials: http://mixomics.org
Bookdown vignette: https://mixomicsteam.github.io/Bookdown
Questions, issues: Follow the prompts at http://mixomics.org/contact-us
Cite us:  citation('mixOmics')

[1] "kernel: linear"
[1] "trait: anthesis"
Growing trees.. Progress: 48%. Estimated remaining time: 33 seconds.
Growing trees.. Progress: 21%. Estimated remaining time: 1 minute, 56 seconds.
Growing trees.. Progress: 47%. Estimated remaining time: 1 minute, 11 seconds.
Growing trees.. Progress: 85%. Estimated remaining time: 17 seconds.
Growing trees.. Progress: 8%. Estimated remaining time: 6 minutes, 3 seconds.
Growing trees.. Progress: 24%. Estimated remaining time: 3 minutes, 21 seconds.
Growing trees.. Progress: 38%. Estimated remaining time: 2 minutes, 33 seconds.
Growing trees.. Progress: 51%. Estimated remaining time: 2 minutes, 1 seconds.
Growing trees.. Progress: 65%. Estimated remaining time: 1 minute, 25 seconds.
Growing trees.. Progress: 78%. Estimated remaining time: 52 seconds.
Growing trees.. Progress: 93%. Estimated remaining time: 15 seconds.
Growing trees.. Progress: 8%. Estimated remaining time: 5 minutes, 51 seconds.
Growing trees.. Progress: 24%. Estimated remaining time: 3 minutes, 43 seconds.
Growing trees.. Progress: 38%. Estimated remaining time: 2 minutes, 44 seconds.
Growing trees.. Progress: 48%. Estimated remaining time: 2 minutes, 21 seconds.
Growing trees.. Progress: 60%. Estimated remaining time: 1 minute, 49 seconds.
Growing trees.. Progress: 72%. Estimated remaining time: 1 minute, 15 seconds.
Growing trees.. Progress: 83%. Estimated remaining time: 45 seconds.
Growing trees.. Progress: 10%. Estimated remaining time: 4 minutes, 27 seconds.
Growing trees.. Progress: 24%. Estimated remaining time: 3 minutes, 34 seconds.
Growing trees.. Progress: 38%. Estimated remaining time: 2 minutes, 41 seconds.
Growing trees.. Progress: 47%. Estimated remaining time: 2 minutes, 24 seconds.
Growing trees.. Progress: 61%. Estimated remaining time: 1 minute, 45 seconds.
Growing trees.. Progress: 71%. Estimated remaining time: 1 minute, 17 seconds.
Growing trees.. Progress: 86%. Estimated remaining time: 36 seconds.
Growing trees.. Progress: 8%. Estimated remaining time: 6 minutes, 14 seconds.
Growing trees.. Progress: 24%. Estimated remaining time: 3 minutes, 32 seconds.
Growing trees.. Progress: 33%. Estimated remaining time: 3 minutes, 17 seconds.
Growing trees.. Progress: 48%. Estimated remaining time: 2 minutes, 22 seconds.
Growing trees.. Progress: 57%. Estimated remaining time: 2 minutes, 1 seconds.
Growing trees.. Progress: 71%. Estimated remaining time: 1 minute, 18 seconds.
Growing trees.. Progress: 85%. Estimated remaining time: 38 seconds.
Growing trees.. Progress: 100%. Estimated remaining time: 0 seconds.
Growing trees.. Progress: 8%. Estimated remaining time: 6 minutes, 3 seconds.
Growing trees.. Progress: 23%. Estimated remaining time: 3 minutes, 30 seconds.
Growing trees.. Progress: 32%. Estimated remaining time: 3 minutes, 20 seconds.
Growing trees.. Progress: 44%. Estimated remaining time: 2 minutes, 37 seconds.
Growing trees.. Progress: 55%. Estimated remaining time: 2 minutes, 10 seconds.
Growing trees.. Progress: 68%. Estimated remaining time: 1 minute, 28 seconds.
Growing trees.. Progress: 85%. Estimated remaining time: 39 seconds.
Growing trees.. Progress: 98%. Estimated remaining time: 4 seconds.
Growing trees.. Progress: 13%. Estimated remaining time: 3 minutes, 27 seconds.
Growing trees.. Progress: 28%. Estimated remaining time: 2 minutes, 40 seconds.
Growing trees.. Progress: 46%. Estimated remaining time: 1 minute, 50 seconds.
Growing trees.. Progress: 62%. Estimated remaining time: 1 minute, 15 seconds.
Growing trees.. Progress: 87%. Estimated remaining time: 23 seconds.
Growing trees.. Progress: 21%. Estimated remaining time: 1 minute, 58 seconds.
Growing trees.. Progress: 45%. Estimated remaining time: 1 minute, 14 seconds.
Growing trees.. Progress: 77%. Estimated remaining time: 28 seconds.
Growing trees.. Progress: 22%. Estimated remaining time: 1 minute, 50 seconds.
Growing trees.. Progress: 55%. Estimated remaining time: 50 seconds.
Growing trees.. Progress: 8%. Estimated remaining time: 6 minutes, 59 seconds.
Growing trees.. Progress: 20%. Estimated remaining time: 4 minutes, 25 seconds.
Growing trees.. Progress: 32%. Estimated remaining time: 3 minutes, 29 seconds.
Growing trees.. Progress: 43%. Estimated remaining time: 2 minutes, 50 seconds.
Growing trees.. Progress: 54%. Estimated remaining time: 2 minutes, 16 seconds.
Growing trees.. Progress: 66%. Estimated remaining time: 1 minute, 39 seconds.
Growing trees.. Progress: 83%. Estimated remaining time: 45 seconds.
Growing trees.. Progress: 31%. Estimated remaining time: 1 minute, 9 seconds.
Growing trees.. Progress: 75%. Estimated remaining time: 20 seconds.
Growing trees.. Progress: 36%. Estimated remaining time: 56 seconds.
Growing trees.. Progress: 76%. Estimated remaining time: 19 seconds.
Growing trees.. Progress: 35%. Estimated remaining time: 56 seconds.
Growing trees.. Progress: 71%. Estimated remaining time: 25 seconds.
Growing trees.. Progress: 97%. Estimated remaining time: 3 seconds.
Growing trees.. Progress: 38%. Estimated remaining time: 50 seconds.
Growing trees.. Progress: 78%. Estimated remaining time: 17 seconds.
Growing trees.. Progress: 41%. Estimated remaining time: 45 seconds.
Growing trees.. Progress: 66%. Estimated remaining time: 32 seconds.
Growing trees.. Progress: 91%. Estimated remaining time: 8 seconds.
Growing trees.. Progress: 20%. Estimated remaining time: 2 minutes, 7 seconds.
Growing trees.. Progress: 32%. Estimated remaining time: 2 minutes, 11 seconds.
Growing trees.. Progress: 44%. Estimated remaining time: 1 minute, 59 seconds.
Growing trees.. Progress: 56%. Estimated remaining time: 1 minute, 39 seconds.
Growing trees.. Progress: 68%. Estimated remaining time: 1 minute, 13 seconds.
Growing trees.. Progress: 79%. Estimated remaining time: 48 seconds.
Growing trees.. Progress: 92%. Estimated remaining time: 18 seconds.
Growing trees.. Progress: 17%. Estimated remaining time: 2 minutes, 31 seconds.
Growing trees.. Progress: 32%. Estimated remaining time: 2 minutes, 12 seconds.
Growing trees.. Progress: 41%. Estimated remaining time: 2 minutes, 14 seconds.
Growing trees.. Progress: 55%. Estimated remaining time: 1 minute, 41 seconds.
Growing trees.. Progress: 66%. Estimated remaining time: 1 minute, 21 seconds.
Growing trees.. Progress: 79%. Estimated remaining time: 50 seconds.
Growing trees.. Progress: 90%. Estimated remaining time: 23 seconds.
Growing trees.. Progress: 24%. Estimated remaining time: 1 minute, 38 seconds.
Growing trees.. Progress: 34%. Estimated remaining time: 2 minutes, 2 seconds.
Growing trees.. Progress: 48%. Estimated remaining time: 1 minute, 41 seconds.
Growing trees.. Progress: 58%. Estimated remaining time: 1 minute, 30 seconds.
Growing trees.. Progress: 70%. Estimated remaining time: 1 minute, 6 seconds.
Growing trees.. Progress: 81%. Estimated remaining time: 42 seconds.
Growing trees.. Progress: 94%. Estimated remaining time: 14 seconds.
Growing trees.. Progress: 100%. Estimated remaining time: 0 seconds.
Growing trees.. Progress: 25%. Estimated remaining time: 1 minute, 31 seconds.
Growing trees.. Progress: 38%. Estimated remaining time: 1 minute, 42 seconds.
Growing trees.. Progress: 49%. Estimated remaining time: 1 minute, 39 seconds.
Growing trees.. Progress: 61%. Estimated remaining time: 1 minute, 20 seconds.
Growing trees.. Progress: 72%. Estimated remaining time: 1 minute, 0 seconds.
Growing trees.. Progress: 84%. Estimated remaining time: 35 seconds.
Growing trees.. Progress: 94%. Estimated remaining time: 13 seconds.
Growing trees.. Progress: 100%. Estimated remaining time: 0 seconds.
Growing trees.. Progress: 28%. Estimated remaining time: 1 minute, 18 seconds.
Growing trees.. Progress: 43%. Estimated remaining time: 1 minute, 21 seconds.
Growing trees.. Progress: 54%. Estimated remaining time: 1 minute, 17 seconds.
Growing trees.. Progress: 66%. Estimated remaining time: 1 minute, 4 seconds.
Growing trees.. Progress: 76%. Estimated remaining time: 50 seconds.
Growing trees.. Progress: 88%. Estimated remaining time: 25 seconds.
Growing trees.. Progress: 97%. Estimated remaining time: 6 seconds.
Growing trees.. Progress: 20%. Estimated remaining time: 2 minutes, 6 seconds.
Growing trees.. Progress: 39%. Estimated remaining time: 1 minute, 37 seconds.
Growing trees.. Progress: 54%. Estimated remaining time: 1 minute, 20 seconds.
Growing trees.. Progress: 69%. Estimated remaining time: 55 seconds.
Growing trees.. Progress: 85%. Estimated remaining time: 27 seconds.
Growing trees.. Progress: 99%. Estimated remaining time: 1 seconds.
Growing trees.. Progress: 26%. Estimated remaining time: 1 minute, 26 seconds.
Growing trees.. Progress: 50%. Estimated remaining time: 1 minute, 1 seconds.
Growing trees.. Progress: 76%. Estimated remaining time: 29 seconds.
Growing trees.. Progress: 99%. Estimated remaining time: 0 seconds.
Growing trees.. Progress: 44%. Estimated remaining time: 39 seconds.
Growing trees.. Progress: 75%. Estimated remaining time: 20 seconds.
Growing trees.. Progress: 97%. Estimated remaining time: 3 seconds.
Growing trees.. Progress: 23%. Estimated remaining time: 1 minute, 42 seconds.
Growing trees.. Progress: 33%. Estimated remaining time: 2 minutes, 4 seconds.
Growing trees.. Progress: 46%. Estimated remaining time: 1 minute, 49 seconds.
Growing trees.. Progress: 56%. Estimated remaining time: 1 minute, 39 seconds.
Growing trees.. Progress: 68%. Estimated remaining time: 1 minute, 14 seconds.
Growing trees.. Progress: 78%. Estimated remaining time: 52 seconds.
Growing trees.. Progress: 89%. Estimated remaining time: 26 seconds.
Growing trees.. Progress: 99%. Estimated remaining time: 3 seconds.
Growing trees.. Progress: 8%. Estimated remaining time: 6 minutes, 25 seconds.
Growing trees.. Progress: 24%. Estimated remaining time: 3 minutes, 49 seconds.
Growing trees.. Progress: 39%. Estimated remaining time: 2 minutes, 46 seconds.
Growing trees.. Progress: 49%. Estimated remaining time: 2 minutes, 21 seconds.
Growing trees.. Progress: 62%. Estimated remaining time: 1 minute, 44 seconds.
Growing trees.. Progress: 73%. Estimated remaining time: 1 minute, 11 seconds.
Growing trees.. Progress: 90%. Estimated remaining time: 26 seconds.
Growing trees.. Progress: 8%. Estimated remaining time: 7 minutes, 22 seconds.
Growing trees.. Progress: 24%. Estimated remaining time: 4 minutes, 8 seconds.
Growing trees.. Progress: 38%. Estimated remaining time: 2 minutes, 57 seconds.
Growing trees.. Progress: 48%. Estimated remaining time: 2 minutes, 30 seconds.
Growing trees.. Progress: 60%. Estimated remaining time: 1 minute, 53 seconds.
Growing trees.. Progress: 73%. Estimated remaining time: 1 minute, 16 seconds.
Growing trees.. Progress: 91%. Estimated remaining time: 22 seconds.
Growing trees.. Progress: 8%. Estimated remaining time: 6 minutes, 19 seconds.
Growing trees.. Progress: 22%. Estimated remaining time: 3 minutes, 51 seconds.
Growing trees.. Progress: 33%. Estimated remaining time: 3 minutes, 19 seconds.
Growing trees.. Progress: 45%. Estimated remaining time: 2 minutes, 35 seconds.
Growing trees.. Progress: 56%. Estimated remaining time: 2 minutes, 4 seconds.
Growing trees.. Progress: 70%. Estimated remaining time: 1 minute, 20 seconds.
Growing trees.. Progress: 91%. Estimated remaining time: 23 seconds.
Growing trees.. Progress: 8%. Estimated remaining time: 7 minutes, 11 seconds.
Growing trees.. Progress: 22%. Estimated remaining time: 4 minutes, 3 seconds.
Growing trees.. Progress: 32%. Estimated remaining time: 3 minutes, 30 seconds.
Growing trees.. Progress: 43%. Estimated remaining time: 2 minutes, 51 seconds.
Growing trees.. Progress: 55%. Estimated remaining time: 2 minutes, 10 seconds.
Growing trees.. Progress: 68%. Estimated remaining time: 1 minute, 30 seconds.
Growing trees.. Progress: 85%. Estimated remaining time: 39 seconds.
Growing trees.. Progress: 8%. Estimated remaining time: 7 minutes, 33 seconds.
Growing trees.. Progress: 21%. Estimated remaining time: 4 minutes, 20 seconds.
Growing trees.. Progress: 30%. Estimated remaining time: 3 minutes, 53 seconds.
Growing trees.. Progress: 42%. Estimated remaining time: 3 minutes, 6 seconds.
Growing trees.. Progress: 54%. Estimated remaining time: 2 minutes, 18 seconds.
Growing trees.. Progress: 70%. Estimated remaining time: 1 minute, 25 seconds.
Growing trees.. Progress: 91%. Estimated remaining time: 22 seconds.
$opt_results
   whitening_method alpha_ prediction_method   mean_pa white_reg_combination
4           ZCA-cor    0.1                rf 0.6310528           ZCA-cor/0.1
10          ZCA-cor    0.1               svr 0.6971606           ZCA-cor/0.1
16          ZCA-cor    0.1             gblup 0.7219455           ZCA-cor/0.1
22          ZCA-cor    0.1              rkhs 0.7208462           ZCA-cor/0.1
28          ZCA-cor    0.1             lasso 0.6207521           ZCA-cor/0.1

$opt_alpha_
[1] 0.1

$opt_whitening_method
[1] "ZCA-cor"

