[1] "using maize_env"
Le chargement a nécessité le package : Matrix

Attachement du package : ‘tidyr’

Les objets suivants sont masqués depuis ‘package:Matrix’:

    expand, pack, unpack

Le chargement a nécessité le package : foreach
Le chargement a nécessité le package : iterators
Le chargement a nécessité le package : parallel
Le chargement a nécessité le package : rngtools
This build of rgl does not include OpenGL functions.  Use
 rglwidget() to display results, e.g. via options(rgl.printRglwidget = TRUE).
Le chargement a nécessité le package : Rcpp
Le chargement a nécessité le package : RcppZiggurat
Le chargement a nécessité le package : RcppParallel

Attachement du package : ‘RcppParallel’

L'objet suivant est masqué depuis ‘package:Rcpp’:

    LdFlags


Rfast: 2.1.0
 ___ __ __ __ __    __ __ __ __ __ _             _               __ __ __ __ __     __ __ __ __ __ __   
|  __ __ __ __  |  |  __ __ __ __ _/            / \             |  __ __ __ __ /   /__ __ _   _ __ __\  
| |           | |  | |                         / _ \            | |                        / /          
| |           | |  | |                        / / \ \           | |                       / /          
| |           | |  | |                       / /   \ \          | |                      / /          
| |__ __ __ __| |  | |__ __ __ __           / /     \ \         | |__ __ __ __ _        / /__/\          
|    __ __ __ __|  |  __ __ __ __|         / /__ _ __\ \        |_ __ __ __ _   |      / ___  /           
|   \              | |                    / _ _ _ _ _ _ \                     | |      \/  / /       
| |\ \             | |                   / /           \ \                    | |         / /          
| | \ \            | |                  / /             \ \                   | |        / /          
| |  \ \           | |                 / /               \ \                  | |       / /          
| |   \ \__ __ _   | |                / /                 \ \     _ __ __ __ _| |      / /          
|_|    \__ __ __\  |_|               /_/                   \_\   /_ __ __ __ ___|      \/             team

Attachement du package : ‘Rfast’

Les objets suivants sont masqués depuis ‘package:robustbase’:

    colMedians, rowMedians

L'objet suivant est masqué depuis ‘package:data.table’:

    transpose

Le chargement a nécessité le package : lattice

Attachement du package : ‘plotly’

L'objet suivant est masqué depuis ‘package:ggplot2’:

    last_plot

L'objet suivant est masqué depuis ‘package:MASS’:

    select

L'objet suivant est masqué depuis ‘package:stats’:

    filter

L'objet suivant est masqué depuis ‘package:graphics’:

    layout


Attachement du package : ‘dplyr’

L'objet suivant est masqué depuis ‘package:Rfast’:

    nth

Les objets suivants sont masqués depuis ‘package:data.table’:

    between, first, last

L'objet suivant est masqué depuis ‘package:MASS’:

    select

Les objets suivants sont masqués depuis ‘package:stats’:

    filter, lag

Les objets suivants sont masqués depuis ‘package:base’:

    intersect, setdiff, setequal, union


Attachement du package : ‘kernlab’

L'objet suivant est masqué depuis ‘package:ggplot2’:

    alpha

Le chargement a nécessité le package : corpcor

Attachement du package : ‘corpcor’

L'objet suivant est masqué depuis ‘package:matrixcalc’:

    is.positive.definite

Loaded glmnet 4.1-8

Loaded mixOmics 6.25.1
Thank you for using mixOmics!
Tutorials: http://mixomics.org
Bookdown vignette: https://mixomicsteam.github.io/Bookdown
Questions, issues: Follow the prompts at http://mixomics.org/contact-us
Cite us:  citation('mixOmics')

[1] "kernel: linear"
[1] "trait: grain.number"
                RF_wiser SVR_wiser GBLUP_wiser RKHS_wiser LASSO_wiser
gp_scenario_1       0.68      0.75       0.740       0.75        0.66
gp_scenario_2       0.70      0.76       0.760       0.76        0.72
gp_scenario_3       0.50      0.54       0.530       0.53        0.45
gp_scenario_4       0.56      0.59       0.590       0.59        0.47
gp_scenario_5       0.58      0.63       0.640       0.64        0.53
gp_scenario_6       0.58      0.64       0.640       0.64        0.54
gp_scenario_7       0.67      0.73       0.720       0.73        0.65
gp_scenario_8       0.46      0.59       0.590       0.60        0.44
gp_scenario_9       0.56      0.66       0.630       0.64        0.59
gp_scenario_10      0.69      0.71       0.710       0.71        0.66
gp_scenario_11      0.68      0.71       0.700       0.71        0.65
gp_scenario_12      0.62      0.64       0.630       0.63        0.59
gp_scenario_13      0.60      0.68       0.700       0.70        0.63
gp_scenario_14      0.69      0.73       0.740       0.74        0.62
gp_scenario_15      0.57      0.66       0.690       0.69        0.54
gp_scenario_16      0.62      0.68       0.700       0.70        0.56
gp_scenario_17      0.55      0.63       0.630       0.63        0.49
gp_scenario_18      0.73      0.78       0.780       0.78        0.72
gp_scenario_19      0.67      0.69       0.700       0.70        0.64
gp_scenario_20      0.61      0.64       0.630       0.63        0.59
gp_scenario_21      0.75      0.80       0.800       0.80        0.69
gp_scenario_22      0.53      0.61       0.650       0.64        0.56
gp_scenario_23      0.64      0.70       0.700       0.71        0.65
gp_scenario_24      0.44      0.50       0.480       0.49        0.57
gp_scenario_25      0.71      0.70       0.700       0.70        0.70
gp_scenario_26      0.63      0.64       0.640       0.64        0.60
gp_scenario_27      0.54      0.61       0.610       0.62        0.53
gp_scenario_28      0.68      0.74       0.720       0.72        0.63
gp_scenario_29      0.65      0.73       0.710       0.72        0.61
gp_scenario_30      0.64      0.67       0.660       0.67        0.61
gp_scenario_31      0.55      0.62       0.600       0.61        0.53
gp_scenario_32      0.58      0.63       0.590       0.60        0.36
gp_scenario_33      0.69      0.70       0.710       0.71        0.70
gp_scenario_34      0.63      0.67       0.690       0.69        0.55
gp_scenario_35      0.64      0.68       0.670       0.68        0.61
gp_scenario_36      0.73      0.74       0.740       0.74        0.71
gp_scenario_37      0.54      0.57       0.550       0.55        0.36
gp_scenario_38      0.64      0.67       0.660       0.66        0.58
gp_scenario_39      0.70      0.76       0.790       0.78        0.71
gp_scenario_40      0.51      0.55       0.560       0.56        0.49
gp_scenario_41      0.61      0.66       0.680       0.68        0.51
gp_scenario_42      0.69      0.71       0.710       0.72        0.67
gp_scenario_43      0.54      0.58       0.570       0.58        0.50
gp_scenario_44      0.72      0.75       0.750       0.75        0.63
gp_scenario_45      0.59      0.68       0.700       0.70        0.62
gp_scenario_46      0.64      0.68       0.690       0.68        0.61
gp_scenario_47      0.75      0.77       0.790       0.79        0.67
gp_scenario_48      0.42      0.54       0.580       0.57        0.42
gp_scenario_49      0.58      0.60       0.590       0.59        0.54
gp_scenario_50      0.70      0.76       0.770       0.77        0.64
gp_scenario_51      0.54      0.64       0.640       0.64        0.54
gp_scenario_52      0.69      0.75       0.770       0.77        0.67
gp_scenario_53      0.68      0.73       0.730       0.73        0.64
gp_scenario_54      0.47      0.52       0.490       0.50        0.50
gp_scenario_55      0.64      0.67       0.670       0.67        0.65
gp_scenario_56      0.73      0.74       0.700       0.71        0.70
gp_scenario_57      0.66      0.72       0.740       0.73        0.65
gp_scenario_58      0.55      0.57       0.570       0.57        0.50
gp_scenario_59      0.66      0.74       0.770       0.77        0.68
gp_scenario_60      0.70      0.72       0.710       0.72        0.65
gp_scenario_61      0.61      0.62       0.630       0.63        0.58
gp_scenario_62      0.59      0.62       0.600       0.60        0.41
gp_scenario_63      0.59      0.66       0.670       0.67        0.60
gp_scenario_64      0.74      0.81       0.830       0.83        0.70
gp_scenario_65      0.59      0.67       0.660       0.66        0.66
gp_scenario_66      0.59      0.62       0.610       0.62        0.54
gp_scenario_67      0.51      0.62       0.630       0.63        0.54
gp_scenario_68      0.65      0.67       0.650       0.66        0.58
gp_scenario_69      0.67      0.71       0.720       0.72        0.68
gp_scenario_70      0.69      0.74       0.750       0.75        0.63
gp_scenario_71      0.39      0.42       0.430       0.43        0.44
gp_scenario_72      0.57      0.68       0.680       0.69        0.57
gp_scenario_73      0.68      0.72       0.730       0.73        0.66
gp_scenario_74      0.75      0.78       0.770       0.77        0.63
gp_scenario_75      0.67      0.76       0.760       0.76        0.69
gp_scenario_76      0.61      0.69       0.700       0.70        0.61
gp_scenario_77      0.68      0.69       0.700       0.70        0.61
gp_scenario_78      0.59      0.67       0.670       0.67        0.56
gp_scenario_79      0.58      0.69       0.720       0.72        0.55
gp_scenario_80      0.65      0.68       0.660       0.66        0.53
gp_scenario_81      0.65      0.76       0.760       0.76        0.68
gp_scenario_82      0.52      0.63       0.660       0.66        0.51
gp_scenario_83      0.69      0.76       0.760       0.77        0.74
gp_scenario_84      0.61      0.64       0.650       0.65        0.60
gp_scenario_85      0.66      0.67       0.670       0.67        0.58
gp_scenario_86      0.70      0.74       0.750       0.75        0.68
gp_scenario_87      0.49      0.58       0.630       0.62        0.48
gp_scenario_88      0.58      0.61       0.610       0.61        0.56
gp_scenario_89      0.67      0.74       0.730       0.74        0.62
gp_scenario_90      0.60      0.64       0.630       0.63        0.59
gp_scenario_91      0.51      0.61       0.620       0.62        0.53
gp_scenario_92      0.61      0.68       0.680       0.68        0.59
gp_scenario_93      0.73      0.76       0.760       0.76        0.68
gp_scenario_94      0.57      0.65       0.650       0.65        0.66
gp_scenario_95      0.51      0.58       0.580       0.58        0.41
gp_scenario_96      0.67      0.72       0.720       0.72        0.57
gp_scenario_97      0.65      0.70       0.700       0.70        0.54
gp_scenario_98      0.77      0.79       0.780       0.79        0.66
gp_scenario_99      0.63      0.70       0.700       0.70        0.77
gp_scenario_100     0.46      0.58       0.630       0.62        0.50
pa_median           0.63      0.68       0.680       0.68        0.60
pa_iqr              0.11      0.10       0.093       0.10        0.12
                RF_ls_means SVR_ls_means GBLUP_ls_means RKHS_ls_means
gp_scenario_1         0.620         0.67           0.62          0.67
gp_scenario_2         0.550         0.53           0.50          0.51
gp_scenario_3         0.440         0.48           0.47          0.48
gp_scenario_4         0.450         0.49           0.48          0.49
gp_scenario_5         0.460         0.54           0.57          0.56
gp_scenario_6         0.490         0.52           0.50          0.52
gp_scenario_7         0.570         0.63           0.61          0.63
gp_scenario_8         0.290         0.44           0.43          0.45
gp_scenario_9         0.360         0.42           0.38          0.39
gp_scenario_10        0.600         0.64           0.63          0.63
gp_scenario_11        0.620         0.67           0.69          0.68
gp_scenario_12        0.510         0.53           0.50          0.50
gp_scenario_13        0.540         0.54           0.53          0.54
gp_scenario_14        0.460         0.53           0.52          0.53
gp_scenario_15        0.420         0.51           0.51          0.52
gp_scenario_16        0.480         0.54           0.55          0.55
gp_scenario_17        0.430         0.47           0.45          0.46
gp_scenario_18        0.630         0.68           0.66          0.68
gp_scenario_19        0.490         0.53           0.54          0.55
gp_scenario_20        0.530         0.56           0.54          0.56
gp_scenario_21        0.640         0.67           0.67          0.67
gp_scenario_22        0.460         0.55           0.56          0.57
gp_scenario_23        0.390         0.44           0.42          0.45
gp_scenario_24        0.460         0.49           0.45          0.48
gp_scenario_25        0.530         0.52           0.51          0.51
gp_scenario_26        0.450         0.51           0.51          0.51
gp_scenario_27        0.390         0.47           0.48          0.48
gp_scenario_28        0.560         0.61           0.61          0.61
gp_scenario_29        0.520         0.59           0.56          0.59
gp_scenario_30        0.520         0.55           0.53          0.56
gp_scenario_31        0.580         0.65           0.65          0.65
gp_scenario_32        0.410         0.47           0.44          0.45
gp_scenario_33        0.520         0.55           0.54          0.55
gp_scenario_34        0.480         0.50           0.50          0.50
gp_scenario_35        0.440         0.48           0.46          0.47
gp_scenario_36        0.670         0.68           0.67          0.68
gp_scenario_37        0.310         0.41           0.43          0.42
gp_scenario_38        0.500         0.55           0.53          0.54
gp_scenario_39        0.600         0.65           0.66          0.67
gp_scenario_40        0.330         0.36           0.40          0.38
gp_scenario_41        0.420         0.50           0.49          0.50
gp_scenario_42        0.570         0.60           0.61          0.61
gp_scenario_43        0.500         0.51           0.48          0.50
gp_scenario_44        0.550         0.60           0.60          0.61
gp_scenario_45        0.460         0.53           0.52          0.54
gp_scenario_46        0.610         0.64           0.65          0.63
gp_scenario_47        0.550         0.67           0.69          0.68
gp_scenario_48        0.140         0.31           0.36          0.35
gp_scenario_49        0.460         0.47           0.47          0.48
gp_scenario_50        0.680         0.70           0.68          0.69
gp_scenario_51        0.460         0.54           0.53          0.55
gp_scenario_52        0.560         0.64           0.65          0.66
gp_scenario_53        0.580         0.60           0.61          0.62
gp_scenario_54        0.410         0.43           0.39          0.42
gp_scenario_55        0.520         0.52           0.52          0.53
gp_scenario_56        0.570         0.53           0.45          0.48
gp_scenario_57        0.580         0.62           0.62          0.62
gp_scenario_58        0.580         0.61           0.64          0.61
gp_scenario_59        0.530         0.63           0.64          0.66
gp_scenario_60        0.470         0.50           0.48          0.49
gp_scenario_61        0.370         0.38           0.41          0.40
gp_scenario_62        0.450         0.50           0.45          0.49
gp_scenario_63        0.460         0.53           0.53          0.54
gp_scenario_64        0.670         0.73           0.72          0.72
gp_scenario_65        0.420         0.46           0.46          0.46
gp_scenario_66        0.480         0.49           0.48          0.48
gp_scenario_67        0.410         0.47           0.47          0.48
gp_scenario_68        0.510         0.58           0.55          0.59
gp_scenario_69        0.550         0.58           0.54          0.55
gp_scenario_70        0.590         0.64           0.64          0.66
gp_scenario_71        0.085         0.17           0.17          0.18
gp_scenario_72        0.440         0.57           0.57          0.59
gp_scenario_73        0.600         0.61           0.61          0.61
gp_scenario_74        0.590         0.67           0.68          0.68
gp_scenario_75        0.590         0.59           0.57          0.58
gp_scenario_76        0.500         0.58           0.58          0.59
gp_scenario_77        0.530         0.57           0.58          0.58
gp_scenario_78        0.410         0.45           0.43          0.43
gp_scenario_79        0.590         0.67           0.69          0.69
gp_scenario_80        0.470         0.56           0.54          0.56
gp_scenario_81        0.590         0.64           0.66          0.63
gp_scenario_82        0.350         0.41           0.40          0.42
gp_scenario_83        0.580         0.65           0.63          0.66
gp_scenario_84        0.580         0.61           0.62          0.62
gp_scenario_85        0.390         0.42           0.41          0.42
gp_scenario_86        0.490         0.54           0.58          0.57
gp_scenario_87        0.430         0.52           0.52          0.54
gp_scenario_88        0.380         0.42           0.44          0.43
gp_scenario_89        0.580         0.59           0.58          0.59
gp_scenario_90        0.450         0.49           0.47          0.48
gp_scenario_91        0.540         0.55           0.56          0.57
gp_scenario_92        0.460         0.49           0.45          0.47
gp_scenario_93        0.570         0.59           0.57          0.59
gp_scenario_94        0.420         0.47           0.45          0.46
gp_scenario_95        0.470         0.61           0.62          0.62
gp_scenario_96        0.450         0.52           0.50          0.51
gp_scenario_97        0.400         0.48           0.52          0.51
gp_scenario_98        0.730         0.66           0.62          0.65
gp_scenario_99        0.580         0.65           0.67          0.66
gp_scenario_100       0.330         0.42           0.43          0.43
pa_median             0.500         0.54           0.53          0.55
pa_iqr                0.130         0.12           0.14          0.14
                LASSO_ls_means RF_blups SVR_blups GBLUP_blups RKHS_blups
gp_scenario_1            0.510   0.2200      0.35        0.27       0.32
gp_scenario_2            0.480   0.2400      0.24        0.21       0.22
gp_scenario_3            0.400   0.4600      0.48        0.43       0.39
gp_scenario_4            0.380   0.3900      0.37        0.36       0.35
gp_scenario_5            0.320   0.1800      0.30        0.36       0.31
gp_scenario_6            0.360   0.2300      0.27        0.28       0.28
gp_scenario_7            0.440   0.3400      0.40        0.38       0.32
gp_scenario_8            0.390   0.3100      0.33        0.30       0.20
gp_scenario_9            0.290   0.1100      0.15        0.12       0.13
gp_scenario_10           0.510   0.3800      0.41        0.42       0.41
gp_scenario_11           0.610   0.5100      0.50        0.54       0.45
gp_scenario_12           0.470   0.2900      0.32        0.28       0.29
gp_scenario_13           0.360   0.2900      0.35        0.33       0.34
gp_scenario_14           0.410   0.2500      0.31        0.32       0.31
gp_scenario_15           0.330   0.2000      0.27        0.31       0.18
gp_scenario_16           0.300   0.3100      0.36        0.39       0.41
gp_scenario_17           0.320   0.2200      0.28        0.29       0.29
gp_scenario_18           0.580   0.3600      0.44        0.42       0.27
gp_scenario_19           0.420   0.2700      0.35        0.36       0.28
gp_scenario_20           0.570   0.3300      0.25        0.21       0.23
gp_scenario_21           0.550   0.3300      0.42        0.46       0.19
gp_scenario_22           0.380   0.3200      0.42        0.41       0.23
gp_scenario_23           0.210   0.2400      0.31        0.31       0.31
gp_scenario_24           0.560   0.4500      0.41        0.38       0.38
gp_scenario_25           0.450   0.2100      0.20        0.16       0.18
gp_scenario_26           0.420   0.2800      0.38        0.35       0.38
gp_scenario_27           0.290   0.2200      0.33        0.31       0.30
gp_scenario_28           0.470   0.2500      0.28        0.31       0.27
gp_scenario_29           0.400   0.2600      0.30        0.30       0.24
gp_scenario_30           0.470   0.4100      0.42        0.42       0.39
gp_scenario_31           0.550   0.5300      0.54        0.54       0.41
gp_scenario_32           0.380   0.3200      0.30        0.27       0.24
gp_scenario_33           0.500   0.3100      0.34        0.35       0.31
gp_scenario_34           0.420   0.2100      0.23        0.24       0.22
gp_scenario_35           0.350   0.1400      0.20        0.22       0.23
gp_scenario_36           0.600   0.1900      0.22        0.22       0.21
gp_scenario_37           0.210   0.1900      0.32        0.37       0.25
gp_scenario_38           0.480   0.4700      0.37        0.33       0.31
gp_scenario_39           0.530   0.3000      0.33        0.43       0.25
gp_scenario_40           0.290   0.2200      0.24        0.29       0.24
gp_scenario_41           0.260   0.2600      0.37        0.38       0.32
gp_scenario_42           0.470   0.4300      0.41        0.45       0.24
gp_scenario_43           0.380   0.2600      0.24        0.23       0.17
gp_scenario_44           0.420   0.3400      0.41        0.38       0.36
gp_scenario_45           0.440  -0.0024      0.21        0.24       0.27
gp_scenario_46           0.600   0.3300      0.40        0.44       0.23
gp_scenario_47           0.470   0.5200      0.54        0.59       0.44
gp_scenario_48           0.011   0.0670      0.23        0.30       0.29
gp_scenario_49           0.430   0.0990      0.20        0.24       0.23
gp_scenario_50           0.470   0.5000      0.45        0.43       0.32
gp_scenario_51           0.450   0.4100      0.43        0.38       0.29
gp_scenario_52           0.500   0.3800      0.43        0.46       0.38
gp_scenario_53           0.390   0.2000      0.26        0.31       0.28
gp_scenario_54           0.400   0.3200      0.32        0.26       0.27
gp_scenario_55           0.500   0.3700      0.36        0.35       0.27
gp_scenario_56           0.340   0.3300      0.21        0.12       0.15
gp_scenario_57           0.480   0.2800      0.37        0.42       0.26
gp_scenario_58           0.430   0.3500      0.46        0.49       0.30
gp_scenario_59           0.490   0.4400      0.51        0.52       0.45
gp_scenario_60           0.500   0.2000      0.22        0.19       0.21
gp_scenario_61           0.270   0.3000      0.36        0.37       0.21
gp_scenario_62           0.220   0.1000      0.26        0.20       0.24
gp_scenario_63           0.440   0.2400      0.33        0.35       0.34
gp_scenario_64           0.580   0.4700      0.56        0.56       0.27
gp_scenario_65           0.490   0.2000      0.16        0.17       0.16
gp_scenario_66           0.460   0.2300      0.22        0.21       0.21
gp_scenario_67           0.210   0.3800      0.40        0.35       0.30
gp_scenario_68           0.340   0.3100      0.40        0.34       0.42
gp_scenario_69           0.530   0.3400      0.34        0.33       0.34
gp_scenario_70           0.510   0.3800      0.45        0.46       0.37
gp_scenario_71           0.073   0.0480      0.13        0.11       0.13
gp_scenario_72           0.480   0.2700      0.37        0.41       0.36
gp_scenario_73           0.460   0.3000      0.34        0.36       0.33
gp_scenario_74           0.490   0.3500      0.47        0.48       0.34
gp_scenario_75           0.490   0.2100      0.26        0.26       0.26
gp_scenario_76           0.520   0.4400      0.43        0.42       0.39
gp_scenario_77           0.440   0.2400      0.39        0.44       0.28
gp_scenario_78           0.360   0.0840      0.11        0.10       0.10
gp_scenario_79           0.550   0.5000      0.52        0.54       0.38
gp_scenario_80           0.410   0.1400      0.33        0.29       0.30
gp_scenario_81           0.500   0.4200      0.43        0.47       0.27
gp_scenario_82           0.380   0.1600      0.21        0.22       0.23
gp_scenario_83           0.490   0.2800      0.39        0.40       0.35
gp_scenario_84           0.510   0.4200      0.51        0.51       0.36
gp_scenario_85           0.390   0.1700      0.16        0.13       0.15
gp_scenario_86           0.530   0.1900      0.29        0.34       0.29
gp_scenario_87           0.410   0.3100      0.36        0.38       0.29
gp_scenario_88           0.360   0.2700      0.26        0.31       0.29
gp_scenario_89           0.500   0.2000      0.18        0.20       0.20
gp_scenario_90           0.330   0.2200      0.24        0.20       0.23
gp_scenario_91           0.500   0.4000      0.39        0.43       0.33
gp_scenario_92           0.460   0.3000      0.30        0.22       0.25
gp_scenario_93           0.600   0.1900      0.16        0.19       0.20
gp_scenario_94           0.480   0.3200      0.33        0.30       0.19
gp_scenario_95           0.420   0.3300      0.46        0.46       0.32
gp_scenario_96           0.460   0.2800      0.32        0.26       0.36
gp_scenario_97           0.310   0.2800      0.38        0.36       0.37
gp_scenario_98           0.680   0.2800      0.31        0.29       0.29
gp_scenario_99           0.530   0.3600      0.40        0.48       0.29
gp_scenario_100          0.250   0.2800      0.33        0.37       0.33
pa_median                0.440   0.2900      0.34        0.34       0.29
pa_iqr                   0.120   0.1300      0.14        0.16       0.11
                LASSO_blups
gp_scenario_1         0.330
gp_scenario_2         0.220
gp_scenario_3            NA
gp_scenario_4         0.340
gp_scenario_5         0.095
gp_scenario_6         0.140
gp_scenario_7         0.240
gp_scenario_8         0.400
gp_scenario_9         0.170
gp_scenario_10        0.190
gp_scenario_11           NA
gp_scenario_12        0.160
gp_scenario_13        0.110
gp_scenario_14        0.170
gp_scenario_15           NA
gp_scenario_16        0.150
gp_scenario_17        0.240
gp_scenario_18           NA
gp_scenario_19        0.260
gp_scenario_20           NA
gp_scenario_21           NA
gp_scenario_22        0.099
gp_scenario_23        0.062
gp_scenario_24           NA
gp_scenario_25        0.043
gp_scenario_26        0.120
gp_scenario_27        0.180
gp_scenario_28        0.120
gp_scenario_29        0.130
gp_scenario_30        0.310
gp_scenario_31        0.330
gp_scenario_32        0.230
gp_scenario_33        0.170
gp_scenario_34        0.090
gp_scenario_35        0.150
gp_scenario_36        0.140
gp_scenario_37        0.052
gp_scenario_38        0.340
gp_scenario_39        0.084
gp_scenario_40        0.160
gp_scenario_41        0.033
gp_scenario_42        0.110
gp_scenario_43        0.130
gp_scenario_44        0.310
gp_scenario_45        0.036
gp_scenario_46        0.055
gp_scenario_47        0.390
gp_scenario_48        0.039
gp_scenario_49        0.056
gp_scenario_50        0.160
gp_scenario_51        0.380
gp_scenario_52        0.150
gp_scenario_53       -0.037
gp_scenario_54        0.330
gp_scenario_55        0.075
gp_scenario_56        0.190
gp_scenario_57        0.160
gp_scenario_58           NA
gp_scenario_59           NA
gp_scenario_60           NA
gp_scenario_61        0.180
gp_scenario_62       -0.110
gp_scenario_63        0.310
gp_scenario_64        0.400
gp_scenario_65           NA
gp_scenario_66        0.300
gp_scenario_67           NA
gp_scenario_68        0.240
gp_scenario_69        0.280
gp_scenario_70        0.270
gp_scenario_71       -0.068
gp_scenario_72        0.280
gp_scenario_73        0.290
gp_scenario_74        0.360
gp_scenario_75       -0.100
gp_scenario_76           NA
gp_scenario_77        0.130
gp_scenario_78        0.091
gp_scenario_79        0.380
gp_scenario_80        0.190
gp_scenario_81        0.330
gp_scenario_82           NA
gp_scenario_83           NA
gp_scenario_84        0.380
gp_scenario_85        0.150
gp_scenario_86        0.110
gp_scenario_87        0.190
gp_scenario_88        0.210
gp_scenario_89        0.210
gp_scenario_90        0.073
gp_scenario_91        0.300
gp_scenario_92        0.280
gp_scenario_93        0.340
gp_scenario_94           NA
gp_scenario_95        0.170
gp_scenario_96        0.110
gp_scenario_97        0.180
gp_scenario_98        0.320
gp_scenario_99        0.110
gp_scenario_100       0.270
pa_median             0.170
pa_iqr                0.170
                GBLUP_wiser GBLUP_ls_means GBLUP_blups
gp_scenario_1         0.950           0.84       0.760
gp_scenario_2         0.980           0.94       0.910
gp_scenario_3         0.930           0.78       0.630
gp_scenario_4         0.970           0.93       0.850
gp_scenario_5         0.940           0.82       0.720
gp_scenario_6         0.960           0.86       0.810
gp_scenario_7         0.960           0.85       0.750
gp_scenario_8         0.950           0.83       0.710
gp_scenario_9         0.980           0.94       0.890
gp_scenario_10        0.950           0.87       0.790
gp_scenario_11        0.950           0.79       0.650
gp_scenario_12        0.980           0.93       0.890
gp_scenario_13        0.960           0.87       0.810
gp_scenario_14        0.940           0.87       0.790
gp_scenario_15        0.950           0.85       0.750
gp_scenario_16        0.950           0.84       0.750
gp_scenario_17        0.920           0.85       0.770
gp_scenario_18        0.940           0.87       0.800
gp_scenario_19        0.980           0.88       0.790
gp_scenario_20        0.960           0.88       0.810
gp_scenario_21        0.950           0.85       0.760
gp_scenario_22        0.960           0.82       0.720
gp_scenario_23        0.940           0.85       0.750
gp_scenario_24        0.970           0.87       0.790
gp_scenario_25        0.970           0.92       0.870
gp_scenario_26        0.980           0.94       0.890
gp_scenario_27        0.950           0.83       0.740
gp_scenario_28        0.950           0.82       0.770
gp_scenario_29        0.930           0.85       0.760
gp_scenario_30        0.970           0.89       0.800
gp_scenario_31        0.950           0.77       0.590
gp_scenario_32        0.960           0.85       0.770
gp_scenario_33        0.970           0.88       0.790
gp_scenario_34        0.970           0.91       0.870
gp_scenario_35        0.950           0.93       0.900
gp_scenario_36        0.970           0.87       0.820
gp_scenario_37        0.980           0.87       0.780
gp_scenario_38        0.970           0.90       0.820
gp_scenario_39        0.910           0.81       0.710
gp_scenario_40        0.960           0.87       0.790
gp_scenario_41        0.960           0.86       0.750
gp_scenario_42        0.970           0.81       0.650
gp_scenario_43        0.950           0.87       0.820
gp_scenario_44        0.980           0.87       0.790
gp_scenario_45        0.930           0.89       0.840
gp_scenario_46        0.930           0.79       0.670
gp_scenario_47        0.940           0.80       0.660
gp_scenario_48        0.960           0.88       0.800
gp_scenario_49        0.970           0.90       0.860
gp_scenario_50        0.960           0.87       0.790
gp_scenario_51        0.950           0.82       0.710
gp_scenario_52        0.970           0.85       0.760
gp_scenario_53        0.950           0.88       0.810
gp_scenario_54        0.960           0.92       0.860
gp_scenario_55        0.970           0.87       0.790
gp_scenario_56        0.960           0.90       0.860
gp_scenario_57        0.950           0.85       0.740
gp_scenario_58        0.960           0.82       0.730
gp_scenario_59        0.940           0.82       0.670
gp_scenario_60        0.950           0.90       0.830
gp_scenario_61        0.920           0.86       0.730
gp_scenario_62        0.980           0.87       0.790
gp_scenario_63        0.960           0.81       0.710
gp_scenario_64        0.930           0.83       0.750
gp_scenario_65        0.960           0.89       0.860
gp_scenario_66        0.980           0.92       0.890
gp_scenario_67        0.950           0.84       0.710
gp_scenario_68        0.950           0.84       0.740
gp_scenario_69        0.950           0.94       0.890
gp_scenario_70        0.950           0.80       0.680
gp_scenario_71        0.970           0.91       0.830
gp_scenario_72        0.950           0.84       0.730
gp_scenario_73        0.970           0.82       0.740
gp_scenario_74        0.940           0.79       0.670
gp_scenario_75        0.940           0.93       0.900
gp_scenario_76        0.960           0.89       0.780
gp_scenario_77        0.940           0.83       0.710
gp_scenario_78        0.950           0.94       0.890
gp_scenario_79        0.960           0.76       0.590
gp_scenario_80        0.980           0.85       0.780
gp_scenario_81        0.930           0.78       0.670
gp_scenario_82        0.960           0.89       0.820
gp_scenario_83        0.940           0.87       0.780
gp_scenario_84        0.920           0.83       0.720
gp_scenario_85        0.980           0.93       0.890
gp_scenario_86        0.960           0.89       0.800
gp_scenario_87        0.920           0.84       0.750
gp_scenario_88        0.980           0.91       0.840
gp_scenario_89        0.960           0.84       0.790
gp_scenario_90        0.960           0.89       0.830
gp_scenario_91        0.970           0.82       0.710
gp_scenario_92        0.970           0.92       0.870
gp_scenario_93        0.930           0.88       0.820
gp_scenario_94        0.940           0.91       0.830
gp_scenario_95        0.960           0.80       0.670
gp_scenario_96        0.970           0.94       0.900
gp_scenario_97        0.980           0.86       0.750
gp_scenario_98        0.950           0.86       0.810
gp_scenario_99        0.920           0.78       0.670
gp_scenario_100       0.940           0.85       0.750
h2_median             0.960           0.86       0.780
h2_iqr                0.023           0.06       0.093
