[1] "using maize_env"
Le chargement a nécessité le package : Matrix

Attachement du package : ‘tidyr’

Les objets suivants sont masqués depuis ‘package:Matrix’:

    expand, pack, unpack

Le chargement a nécessité le package : foreach
Le chargement a nécessité le package : iterators
Le chargement a nécessité le package : parallel
Le chargement a nécessité le package : rngtools
This build of rgl does not include OpenGL functions.  Use
 rglwidget() to display results, e.g. via options(rgl.printRglwidget = TRUE).
Le chargement a nécessité le package : Rcpp
Le chargement a nécessité le package : RcppZiggurat
Le chargement a nécessité le package : RcppParallel

Attachement du package : ‘RcppParallel’

L'objet suivant est masqué depuis ‘package:Rcpp’:

    LdFlags


Rfast: 2.1.0
 ___ __ __ __ __    __ __ __ __ __ _             _               __ __ __ __ __     __ __ __ __ __ __   
|  __ __ __ __  |  |  __ __ __ __ _/            / \             |  __ __ __ __ /   /__ __ _   _ __ __\  
| |           | |  | |                         / _ \            | |                        / /          
| |           | |  | |                        / / \ \           | |                       / /          
| |           | |  | |                       / /   \ \          | |                      / /          
| |__ __ __ __| |  | |__ __ __ __           / /     \ \         | |__ __ __ __ _        / /__/\          
|    __ __ __ __|  |  __ __ __ __|         / /__ _ __\ \        |_ __ __ __ _   |      / ___  /           
|   \              | |                    / _ _ _ _ _ _ \                     | |      \/  / /       
| |\ \             | |                   / /           \ \                    | |         / /          
| | \ \            | |                  / /             \ \                   | |        / /          
| |  \ \           | |                 / /               \ \                  | |       / /          
| |   \ \__ __ _   | |                / /                 \ \     _ __ __ __ _| |      / /          
|_|    \__ __ __\  |_|               /_/                   \_\   /_ __ __ __ ___|      \/             team

Attachement du package : ‘Rfast’

Les objets suivants sont masqués depuis ‘package:robustbase’:

    colMedians, rowMedians

L'objet suivant est masqué depuis ‘package:data.table’:

    transpose

Le chargement a nécessité le package : lattice

Attachement du package : ‘plotly’

L'objet suivant est masqué depuis ‘package:ggplot2’:

    last_plot

L'objet suivant est masqué depuis ‘package:MASS’:

    select

L'objet suivant est masqué depuis ‘package:stats’:

    filter

L'objet suivant est masqué depuis ‘package:graphics’:

    layout


Attachement du package : ‘dplyr’

L'objet suivant est masqué depuis ‘package:Rfast’:

    nth

Les objets suivants sont masqués depuis ‘package:data.table’:

    between, first, last

L'objet suivant est masqué depuis ‘package:MASS’:

    select

Les objets suivants sont masqués depuis ‘package:stats’:

    filter, lag

Les objets suivants sont masqués depuis ‘package:base’:

    intersect, setdiff, setequal, union


Attachement du package : ‘kernlab’

L'objet suivant est masqué depuis ‘package:ggplot2’:

    alpha

Le chargement a nécessité le package : corpcor

Attachement du package : ‘corpcor’

L'objet suivant est masqué depuis ‘package:matrixcalc’:

    is.positive.definite

Loaded glmnet 4.1-8

Loaded mixOmics 6.25.1
Thank you for using mixOmics!
Tutorials: http://mixomics.org
Bookdown vignette: https://mixomicsteam.github.io/Bookdown
Questions, issues: Follow the prompts at http://mixomics.org/contact-us
Cite us:  citation('mixOmics')

[1] "kernel: linear"
[1] "trait: tassel.height"
                RF_wiser SVR_wiser GBLUP_wiser RKHS_wiser LASSO_wiser
gp_scenario_1      0.770     0.760       0.680       0.78        0.74
gp_scenario_2      0.740     0.750       0.730       0.74        0.71
gp_scenario_3      0.700     0.710       0.660       0.74        0.74
gp_scenario_4      0.640     0.600       0.580       0.61        0.58
gp_scenario_5      0.710     0.720       0.640       0.73        0.65
gp_scenario_6      0.770     0.710       0.690       0.73        0.70
gp_scenario_7      0.750     0.740       0.700       0.73        0.71
gp_scenario_8      0.690     0.730       0.710       0.74        0.65
gp_scenario_9      0.610     0.590       0.540       0.59        0.54
gp_scenario_10     0.660     0.640       0.580       0.67        0.62
gp_scenario_11     0.690     0.720       0.690       0.73        0.66
gp_scenario_12     0.840     0.830       0.780       0.84        0.79
gp_scenario_13     0.590     0.620       0.620       0.62        0.59
gp_scenario_14     0.510     0.560       0.510       0.57        0.54
gp_scenario_15     0.670     0.710       0.670       0.71        0.64
gp_scenario_16     0.450     0.390       0.380       0.40        0.41
gp_scenario_17     0.650     0.670       0.670       0.68        0.51
gp_scenario_18     0.750     0.710       0.670       0.71        0.73
gp_scenario_19     0.820     0.820       0.760       0.82        0.80
gp_scenario_20     0.740     0.770       0.730       0.78        0.70
gp_scenario_21     0.760     0.780       0.720       0.78        0.72
gp_scenario_22     0.630     0.610       0.600       0.63        0.53
gp_scenario_23     0.620     0.610       0.520       0.63        0.58
gp_scenario_24     0.670     0.680       0.630       0.68        0.60
gp_scenario_25     0.730     0.710       0.640       0.71        0.68
gp_scenario_26     0.670     0.660       0.610       0.67        0.66
gp_scenario_27     0.730     0.730       0.680       0.71        0.68
gp_scenario_28     0.720     0.680       0.660       0.71        0.70
gp_scenario_29     0.750     0.730       0.690       0.74        0.66
gp_scenario_30     0.720     0.760       0.730       0.76        0.72
gp_scenario_31     0.700     0.770       0.730       0.78        0.68
gp_scenario_32     0.700     0.680       0.650       0.67        0.65
gp_scenario_33     0.730     0.720       0.700       0.73        0.73
gp_scenario_34     0.660     0.670       0.640       0.68        0.56
gp_scenario_35     0.720     0.660       0.520       0.68        0.68
gp_scenario_36     0.530     0.560       0.500       0.56        0.46
gp_scenario_37     0.720     0.690       0.660       0.70        0.65
gp_scenario_38     0.770     0.850       0.740       0.83        0.79
gp_scenario_39     0.640     0.640       0.560       0.65        0.62
gp_scenario_40     0.700     0.730       0.680       0.74        0.68
gp_scenario_41     0.730     0.760       0.700       0.77        0.66
gp_scenario_42     0.680     0.660       0.660       0.67        0.62
gp_scenario_43     0.660     0.690       0.640       0.69        0.60
gp_scenario_44     0.620     0.650       0.600       0.64        0.59
gp_scenario_45     0.690     0.700       0.660       0.71        0.70
gp_scenario_46     0.720     0.750       0.690       0.75        0.69
gp_scenario_47     0.600     0.630       0.600       0.63        0.60
gp_scenario_48     0.670     0.700       0.680       0.72        0.72
gp_scenario_49     0.740     0.750       0.700       0.74        0.70
gp_scenario_50     0.640     0.670       0.670       0.70        0.66
gp_scenario_51     0.590     0.610       0.600       0.61        0.59
gp_scenario_52     0.750     0.810       0.780       0.83        0.73
gp_scenario_53     0.670     0.690       0.620       0.70        0.63
gp_scenario_54     0.690     0.680       0.630       0.70        0.68
gp_scenario_55     0.710     0.740       0.690       0.74        0.69
gp_scenario_56     0.720     0.710       0.670       0.72        0.65
gp_scenario_57     0.660     0.730       0.690       0.76        0.70
gp_scenario_58     0.760     0.730       0.730       0.76        0.74
gp_scenario_59     0.550     0.550       0.480       0.53        0.53
gp_scenario_60     0.680     0.690       0.680       0.70        0.66
gp_scenario_61     0.710     0.720       0.710       0.74        0.68
gp_scenario_62     0.770     0.760       0.730       0.77        0.75
gp_scenario_63     0.650     0.660       0.590       0.68        0.57
gp_scenario_64     0.690     0.710       0.650       0.70        0.61
gp_scenario_65     0.600     0.640       0.600       0.64        0.61
gp_scenario_66     0.490     0.540       0.460       0.56        0.51
gp_scenario_67     0.750     0.770       0.690       0.77        0.76
gp_scenario_68     0.660     0.660       0.620       0.66        0.54
gp_scenario_69     0.680     0.710       0.710       0.74        0.71
gp_scenario_70     0.650     0.680       0.670       0.68        0.63
gp_scenario_71     0.700     0.710       0.700       0.71        0.69
gp_scenario_72     0.680     0.680       0.600       0.69        0.69
gp_scenario_73     0.570     0.600       0.570       0.60        0.55
gp_scenario_74     0.720     0.700       0.650       0.69        0.70
gp_scenario_75     0.730     0.760       0.710       0.76        0.72
gp_scenario_76     0.540     0.550       0.560       0.58        0.49
gp_scenario_77     0.720     0.670       0.670       0.69        0.66
gp_scenario_78     0.750     0.750       0.690       0.75        0.68
gp_scenario_79     0.780     0.770       0.710       0.77        0.74
gp_scenario_80     0.660     0.720       0.690       0.73        0.68
gp_scenario_81     0.800     0.780       0.720       0.80        0.77
gp_scenario_82     0.670     0.660       0.700       0.68        0.62
gp_scenario_83     0.740     0.730       0.650       0.75        0.72
gp_scenario_84     0.660     0.630       0.580       0.64        0.65
gp_scenario_85     0.660     0.700       0.690       0.72        0.68
gp_scenario_86     0.730     0.700       0.640       0.70        0.69
gp_scenario_87     0.750     0.780       0.730       0.79        0.73
gp_scenario_88     0.620     0.610       0.560       0.62        0.62
gp_scenario_89     0.680     0.670       0.630       0.68        0.67
gp_scenario_90     0.670     0.680       0.700       0.71        0.65
gp_scenario_91     0.710     0.720       0.680       0.74        0.67
gp_scenario_92     0.730     0.700       0.680       0.71        0.70
gp_scenario_93     0.760     0.770       0.640       0.79        0.69
gp_scenario_94     0.650     0.690       0.610       0.69        0.58
gp_scenario_95     0.670     0.650       0.640       0.67        0.58
gp_scenario_96     0.640     0.650       0.620       0.65        0.61
gp_scenario_97     0.710     0.700       0.650       0.72        0.70
gp_scenario_98     0.730     0.750       0.670       0.76        0.67
gp_scenario_99     0.620     0.640       0.610       0.64        0.55
gp_scenario_100    0.770     0.770       0.690       0.78        0.73
pa_median          0.690     0.700       0.670       0.71        0.67
pa_iqr             0.073     0.072       0.075       0.07        0.09
                RF_ls_means SVR_ls_means GBLUP_ls_means RKHS_ls_means
gp_scenario_1         0.230        0.270          0.290        0.2300
gp_scenario_2         0.380        0.410          0.380        0.4100
gp_scenario_3         0.410        0.400          0.320        0.4200
gp_scenario_4         0.059        0.110          0.100        0.1200
gp_scenario_5         0.410        0.400          0.350        0.4200
gp_scenario_6         0.340        0.310          0.340        0.2800
gp_scenario_7         0.390        0.370          0.350        0.3800
gp_scenario_8         0.350        0.280          0.210        0.3000
gp_scenario_9         0.170        0.270          0.280        0.2400
gp_scenario_10        0.270        0.230          0.180        0.2600
gp_scenario_11        0.510        0.460          0.420        0.5200
gp_scenario_12        0.210        0.340          0.420        0.2900
gp_scenario_13        0.160        0.160          0.160        0.2000
gp_scenario_14        0.180        0.190          0.200        0.1700
gp_scenario_15        0.350        0.370          0.360        0.3800
gp_scenario_16        0.230        0.220          0.220        0.2600
gp_scenario_17        0.330        0.490          0.480        0.5000
gp_scenario_18        0.430        0.440          0.420        0.4200
gp_scenario_19        0.360        0.340          0.330        0.3700
gp_scenario_20       -0.046       -0.056         -0.032       -0.0042
gp_scenario_21        0.370        0.350          0.360        0.3400
gp_scenario_22        0.080        0.110          0.077        0.0910
gp_scenario_23        0.460        0.480          0.530        0.4700
gp_scenario_24        0.380        0.380          0.290        0.4000
gp_scenario_25        0.270        0.340          0.280        0.3500
gp_scenario_26        0.170        0.250          0.210        0.2800
gp_scenario_27        0.350        0.390          0.350        0.4000
gp_scenario_28        0.310        0.370          0.390        0.3500
gp_scenario_29        0.360        0.300          0.290        0.3100
gp_scenario_30        0.320        0.310          0.300        0.2800
gp_scenario_31        0.190        0.220          0.200        0.2700
gp_scenario_32        0.460        0.360          0.330        0.4100
gp_scenario_33        0.250        0.270          0.280        0.2900
gp_scenario_34        0.250        0.270          0.290        0.2800
gp_scenario_35        0.270        0.240          0.230        0.2600
gp_scenario_36        0.210        0.240          0.300        0.2300
gp_scenario_37        0.560        0.470          0.380        0.5500
gp_scenario_38        0.180        0.190          0.200        0.1600
gp_scenario_39        0.350        0.350          0.360        0.3700
gp_scenario_40        0.240        0.210          0.160        0.2100
gp_scenario_41        0.440        0.470          0.420        0.4700
gp_scenario_42        0.310        0.310          0.320        0.3200
gp_scenario_43        0.360        0.400          0.420        0.3800
gp_scenario_44        0.230        0.280          0.230        0.2300
gp_scenario_45        0.120        0.180          0.170        0.1800
gp_scenario_46        0.370        0.380          0.430        0.3500
gp_scenario_47        0.530        0.540          0.480        0.5500
gp_scenario_48       -0.073       -0.170         -0.230       -0.1700
gp_scenario_49        0.240        0.210          0.190        0.1900
gp_scenario_50        0.460        0.510          0.520        0.5300
gp_scenario_51        0.350        0.380          0.380        0.4400
gp_scenario_52        0.330        0.360          0.420        0.3300
gp_scenario_53        0.290        0.410          0.460        0.3500
gp_scenario_54        0.320        0.290          0.240        0.2900
gp_scenario_55        0.320        0.300          0.290        0.3000
gp_scenario_56        0.300        0.320          0.300        0.3500
gp_scenario_57        0.280        0.330          0.270        0.2700
gp_scenario_58        0.270        0.350          0.430        0.3300
gp_scenario_59        0.360        0.370          0.370        0.3700
gp_scenario_60        0.250        0.290          0.270        0.3100
gp_scenario_61        0.320        0.280          0.240        0.2900
gp_scenario_62        0.240        0.300          0.270        0.3100
gp_scenario_63        0.280        0.370          0.370        0.3700
gp_scenario_64        0.340        0.380          0.410        0.3600
gp_scenario_65        0.130        0.073          0.029        0.0910
gp_scenario_66        0.360        0.390          0.450        0.3900
gp_scenario_67        0.220        0.250          0.210        0.2500
gp_scenario_68        0.220        0.260          0.270        0.2900
gp_scenario_69        0.430        0.360          0.230        0.4200
gp_scenario_70        0.370        0.430          0.420        0.4200
gp_scenario_71        0.300        0.290          0.260        0.2500
gp_scenario_72        0.290        0.400          0.380        0.4200
gp_scenario_73        0.280        0.310          0.310        0.3000
gp_scenario_74        0.420        0.430          0.410        0.4500
gp_scenario_75        0.240        0.260          0.190        0.2800
gp_scenario_76        0.270        0.210          0.180        0.2300
gp_scenario_77        0.320        0.300          0.250        0.2900
gp_scenario_78        0.380        0.440          0.440        0.4500
gp_scenario_79        0.460        0.530          0.540        0.5100
gp_scenario_80        0.240        0.300          0.340        0.2500
gp_scenario_81        0.360        0.390          0.360        0.3900
gp_scenario_82        0.140        0.240          0.240        0.2500
gp_scenario_83        0.360        0.310          0.310        0.3400
gp_scenario_84        0.190        0.260          0.180        0.2700
gp_scenario_85        0.240        0.260          0.300        0.2500
gp_scenario_86        0.230        0.250          0.240        0.2500
gp_scenario_87        0.140        0.220          0.300        0.1600
gp_scenario_88        0.150        0.200          0.180        0.2100
gp_scenario_89        0.230        0.300          0.230        0.3100
gp_scenario_90        0.490        0.380          0.360        0.3900
gp_scenario_91        0.280        0.300          0.340        0.3600
gp_scenario_92        0.320        0.310          0.220        0.3100
gp_scenario_93        0.150        0.230          0.290        0.2200
gp_scenario_94        0.073        0.100          0.066        0.0960
gp_scenario_95        0.290        0.310          0.300        0.3600
gp_scenario_96        0.350        0.270          0.150        0.3200
gp_scenario_97        0.190        0.240          0.210        0.2600
gp_scenario_98        0.230        0.270          0.270        0.2700
gp_scenario_99        0.280        0.290          0.320        0.3100
gp_scenario_100       0.250        0.320          0.310        0.3000
pa_median             0.290        0.300          0.300        0.3100
pa_iqr                0.130        0.130          0.140        0.1300
                LASSO_ls_means RF_blups SVR_blups GBLUP_blups RKHS_blups
gp_scenario_1           0.1200  0.07400    0.1400     1.8e-01     0.0570
gp_scenario_2           0.3600  0.20000    0.1400     1.8e-01     0.1800
gp_scenario_3           0.1200  0.21000    0.2200     1.9e-01     0.1800
gp_scenario_4          -0.0082 -0.12000   -0.0750    -3.6e-02    -0.0770
gp_scenario_5           0.2300  0.35000    0.3200     2.9e-01     0.2500
gp_scenario_6           0.2700  0.12000    0.1200     2.0e-01     0.0360
gp_scenario_7           0.3400  0.20000    0.1900     1.6e-01     0.1800
gp_scenario_8               NA  0.25000    0.2200     1.3e-01     0.2100
gp_scenario_9           0.2400  0.11000    0.2100     2.4e-01     0.1800
gp_scenario_10          0.1700  0.05300   -0.0057     1.2e-02     0.0430
gp_scenario_11          0.4400  0.27000    0.3200     2.9e-01     0.2200
gp_scenario_12          0.0190  0.21000    0.2500     3.7e-01     0.1600
gp_scenario_13          0.0170 -0.03900   -0.0026     2.4e-02     0.0430
gp_scenario_14         -0.0640  0.06400    0.0550     7.2e-02    -0.0015
gp_scenario_15              NA  0.26000    0.2800     2.7e-01     0.2600
gp_scenario_16          0.0680  0.16000    0.1400     1.4e-01     0.1700
gp_scenario_17          0.0560  0.11000    0.1800     3.2e-01     0.1700
gp_scenario_18          0.2300  0.36000    0.4100     3.6e-01     0.3200
gp_scenario_19          0.3500  0.19000    0.1700     1.4e-01     0.1600
gp_scenario_20         -0.0025 -0.13000   -0.1300    -9.4e-02    -0.1200
gp_scenario_21          0.3000  0.27000    0.2800     2.8e-01     0.2200
gp_scenario_22         -0.1100  0.04900    0.0580     6.2e-02     0.0680
gp_scenario_23              NA  0.27000    0.3700     4.3e-01     0.2500
gp_scenario_24          0.2800  0.12000    0.2300     1.5e-01     0.1600
gp_scenario_25          0.0048  0.04100    0.1200     1.2e-01     0.0910
gp_scenario_26          0.1000 -0.04200    0.0620    -3.1e-02     0.0130
gp_scenario_27              NA  0.25000    0.2300     2.0e-01     0.2300
gp_scenario_28          0.2400  0.18000    0.2100     2.9e-01     0.2000
gp_scenario_29          0.2000  0.22000    0.2100     2.3e-01     0.1500
gp_scenario_30          0.3200  0.30000    0.1500     2.3e-01     0.1400
gp_scenario_31          0.0160  0.04800    0.1300     9.2e-02     0.1000
gp_scenario_32              NA  0.12000    0.1900     2.0e-01     0.1800
gp_scenario_33          0.2700  0.12000    0.1400     1.8e-01     0.1800
gp_scenario_34          0.1100  0.05200    0.1200     1.9e-01     0.1400
gp_scenario_35          0.1600  0.15000    0.0420     7.1e-02     0.0580
gp_scenario_36         -0.0340  0.00046    0.0820     1.6e-01     0.0280
gp_scenario_37              NA  0.33000    0.3100     2.7e-01     0.2700
gp_scenario_38         -0.0660  0.00630   -0.0420     4.6e-02    -0.0590
gp_scenario_39          0.2300  0.27000    0.2600     2.7e-01     0.2500
gp_scenario_40          0.1300  0.16000    0.1300     3.3e-02     0.0840
gp_scenario_41          0.3300  0.41000    0.3700     3.1e-01     0.3100
gp_scenario_42          0.1300  0.17000    0.1400     2.0e-01     0.1300
gp_scenario_43          0.2200  0.30000    0.2600     3.2e-01     0.2300
gp_scenario_44          0.1600  0.06900    0.0820     5.4e-02     0.0120
gp_scenario_45          0.1500  0.06200    0.0940     1.5e-01     0.1500
gp_scenario_46              NA  0.08200    0.1900     2.9e-01     0.1200
gp_scenario_47              NA  0.33000    0.3400     3.4e-01     0.2100
gp_scenario_48          0.0021  0.02700   -0.1600    -2.4e-01    -0.1800
gp_scenario_49          0.1700  0.19000    0.1700     1.7e-01     0.1100
gp_scenario_50          0.3100  0.31000    0.3100     3.7e-01     0.2400
gp_scenario_51              NA  0.21000    0.2000     2.1e-01     0.2400
gp_scenario_52          0.3400  0.20000    0.2200     2.9e-01     0.1300
gp_scenario_53          0.4200  0.28000    0.3500     4.2e-01     0.2500
gp_scenario_54              NA  0.28000    0.1600     2.0e-01     0.2300
gp_scenario_55          0.2900  0.21000    0.0980     1.1e-01     0.0850
gp_scenario_56          0.2100  0.05000    0.1400     1.2e-01     0.1100
gp_scenario_57          0.2400  0.15000    0.1100     1.6e-01     0.0670
gp_scenario_58          0.1400  0.11000    0.2800     3.7e-01     0.2100
gp_scenario_59          0.3300  0.27000    0.2200     2.5e-01     0.2100
gp_scenario_60          0.1500  0.15000    0.2000     2.2e-01     0.1900
gp_scenario_61          0.2600  0.24000    0.1100     5.2e-02     0.0820
gp_scenario_62          0.0071  0.19000    0.2500     1.9e-01     0.1900
gp_scenario_63          0.0990  0.17000    0.2200     2.6e-01     0.1700
gp_scenario_64          0.2000  0.07400    0.2200     2.8e-01     0.1600
gp_scenario_65          0.1200 -0.02400   -0.1300    -1.0e-01     0.0250
gp_scenario_66          0.2900  0.22000    0.2400     3.0e-01     0.1700
gp_scenario_67          0.2100  0.11000    0.2100     1.5e-01     0.1500
gp_scenario_68          0.1200  0.12000    0.1400     1.9e-01     0.1800
gp_scenario_69          0.2500  0.27000    0.2700     1.5e-01     0.2100
gp_scenario_70          0.2700  0.28000    0.1700     2.8e-01     0.1900
gp_scenario_71          0.1900  0.19000    0.1300     1.6e-01     0.1100
gp_scenario_72          0.2000 -0.04700    0.2000     1.7e-01     0.1800
gp_scenario_73          0.2600  0.22000    0.2600     2.6e-01     0.1500
gp_scenario_74              NA  0.24000    0.2800     2.6e-01     0.1900
gp_scenario_75          0.0730  0.26000    0.1700     6.5e-02     0.1900
gp_scenario_76          0.1600  0.15000    0.0900     4.4e-02     0.0980
gp_scenario_77          0.3100  0.12000    0.1800     1.5e-01     0.1000
gp_scenario_78          0.0950  0.07400    0.1700     2.2e-01     0.1200
gp_scenario_79              NA  0.30000    0.4400     4.2e-01     0.2900
gp_scenario_80          0.0430  0.17000    0.2300     3.2e-01     0.1800
gp_scenario_81          0.1900  0.25000    0.3300     2.8e-01     0.1600
gp_scenario_82          0.0430  0.06200    0.1200     1.4e-01     0.1300
gp_scenario_83          0.3700  0.11000    0.0490     1.3e-01     0.0860
gp_scenario_84         -0.0520  0.20000    0.2500     6.1e-02     0.1900
gp_scenario_85          0.1800  0.05800    0.0440     1.4e-01    -0.0280
gp_scenario_86          0.0790  0.19000    0.2300     1.9e-01     0.1400
gp_scenario_87         -0.0220 -0.06500   -0.0230     1.6e-01    -0.1200
gp_scenario_88          0.1400  0.08400    0.0370     5.4e-02     0.0780
gp_scenario_89          0.1000  0.19000    0.2400     1.6e-01     0.2000
gp_scenario_90              NA  0.18000    0.0860     1.1e-01     0.0810
gp_scenario_91              NA  0.17000    0.2200     2.4e-01     0.2100
gp_scenario_92         -0.0990  0.10000    0.1100     7.1e-05     0.0510
gp_scenario_93          0.0390  0.10000    0.1100     2.5e-01     0.1100
gp_scenario_94         -0.0047 -0.02700    0.0430     2.2e-02     0.0380
gp_scenario_95          0.0180  0.04500    0.0890     1.4e-01     0.1500
gp_scenario_96          0.2800  0.20000    0.0410    -9.9e-02     0.0880
gp_scenario_97          0.0750  0.14000    0.1400     4.6e-02     0.1300
gp_scenario_98          0.1200  0.20000    0.2700     2.7e-01     0.2000
gp_scenario_99          0.0660  0.09100    0.0870     1.6e-01     0.0930
gp_scenario_100         0.2500  0.18000    0.2100     2.2e-01     0.1600
pa_median               0.1600  0.17000    0.1700     1.8e-01     0.1600
pa_iqr                  0.1900  0.15000    0.1300     1.5e-01     0.1100
                LASSO_blups
gp_scenario_1            NA
gp_scenario_2       0.24000
gp_scenario_3       0.17000
gp_scenario_4      -0.05800
gp_scenario_5            NA
gp_scenario_6            NA
gp_scenario_7            NA
gp_scenario_8            NA
gp_scenario_9       0.02200
gp_scenario_10      0.02400
gp_scenario_11           NA
gp_scenario_12     -0.01200
gp_scenario_13      0.09100
gp_scenario_14     -0.05700
gp_scenario_15      0.29000
gp_scenario_16           NA
gp_scenario_17           NA
gp_scenario_18           NA
gp_scenario_19      0.18000
gp_scenario_20     -0.09200
gp_scenario_21           NA
gp_scenario_22      0.01200
gp_scenario_23     -0.21000
gp_scenario_24      0.10000
gp_scenario_25      0.00064
gp_scenario_26     -0.09000
gp_scenario_27           NA
gp_scenario_28      0.27000
gp_scenario_29           NA
gp_scenario_30           NA
gp_scenario_31           NA
gp_scenario_32      0.03300
gp_scenario_33      0.10000
gp_scenario_34      0.06800
gp_scenario_35           NA
gp_scenario_36           NA
gp_scenario_37           NA
gp_scenario_38           NA
gp_scenario_39      0.16000
gp_scenario_40      0.07300
gp_scenario_41      0.19000
gp_scenario_42           NA
gp_scenario_43           NA
gp_scenario_44      0.08800
gp_scenario_45     -0.00560
gp_scenario_46           NA
gp_scenario_47      0.22000
gp_scenario_48      0.03800
gp_scenario_49      0.25000
gp_scenario_50           NA
gp_scenario_51     -0.01400
gp_scenario_52      0.22000
gp_scenario_53      0.14000
gp_scenario_54           NA
gp_scenario_55      0.21000
gp_scenario_56      0.06900
gp_scenario_57           NA
gp_scenario_58      0.00460
gp_scenario_59      0.16000
gp_scenario_60      0.02200
gp_scenario_61      0.17000
gp_scenario_62           NA
gp_scenario_63      0.06500
gp_scenario_64     -0.11000
gp_scenario_65     -0.08800
gp_scenario_66      0.13000
gp_scenario_67      0.11000
gp_scenario_68      0.00610
gp_scenario_69           NA
gp_scenario_70      0.08500
gp_scenario_71     -0.04700
gp_scenario_72     -0.11000
gp_scenario_73      0.09600
gp_scenario_74           NA
gp_scenario_75     -0.03100
gp_scenario_76           NA
gp_scenario_77      0.22000
gp_scenario_78           NA
gp_scenario_79      0.23000
gp_scenario_80      0.04500
gp_scenario_81      0.16000
gp_scenario_82     -0.15000
gp_scenario_83      0.10000
gp_scenario_84           NA
gp_scenario_85      0.04900
gp_scenario_86           NA
gp_scenario_87     -0.11000
gp_scenario_88      0.00064
gp_scenario_89     -0.13000
gp_scenario_90           NA
gp_scenario_91      0.23000
gp_scenario_92      0.11000
gp_scenario_93     -0.03800
gp_scenario_94     -0.01800
gp_scenario_95           NA
gp_scenario_96           NA
gp_scenario_97     -0.00068
gp_scenario_98      0.15000
gp_scenario_99           NA
gp_scenario_100     0.16000
pa_median           0.06800
pa_iqr              0.17000
                GBLUP_wiser GBLUP_ls_means GBLUP_blups
gp_scenario_1         0.650           0.53     0.27000
gp_scenario_2         0.710           0.43     0.00900
gp_scenario_3         0.670           0.55     0.18000
gp_scenario_4         0.720           0.73     0.66000
gp_scenario_5         0.660           0.46     0.00190
gp_scenario_6         0.660           0.48     0.30000
gp_scenario_7         0.690           0.58     0.41000
gp_scenario_8         0.670           0.51     0.00420
gp_scenario_9         0.720           0.55     0.00920
gp_scenario_10        0.660           0.68     0.56000
gp_scenario_11        0.630           0.41     0.00260
gp_scenario_12        0.690           0.48     0.20000
gp_scenario_13        0.730           0.78     0.70000
gp_scenario_14        0.690           0.56     0.07100
gp_scenario_15        0.660           0.46     0.00660
gp_scenario_16        0.790           0.56     0.14000
gp_scenario_17        0.650           0.43     0.00250
gp_scenario_18        0.690           0.41     0.00094
gp_scenario_19        0.660           0.57     0.39000
gp_scenario_20        0.650           0.73     0.67000
gp_scenario_21        0.710           0.53     0.04900
gp_scenario_22        0.710           0.78     0.67000
gp_scenario_23        0.660           0.30     0.00076
gp_scenario_24        0.670           0.56     0.40000
gp_scenario_25        0.690           0.50     0.30000
gp_scenario_26        0.690           0.57     0.41000
gp_scenario_27        0.700           0.52     0.09100
gp_scenario_28        0.690           0.54     0.26000
gp_scenario_29        0.710           0.52     0.17000
gp_scenario_30        0.610           0.54     0.00770
gp_scenario_31        0.630           0.47     0.01600
gp_scenario_32        0.780           0.60     0.37000
gp_scenario_33        0.640           0.52     0.05900
gp_scenario_34        0.670           0.58     0.34000
gp_scenario_35        0.710           0.58     0.44000
gp_scenario_36        0.740           0.62     0.45000
gp_scenario_37        0.670           0.41     0.00230
gp_scenario_38        0.680           0.61     0.48000
gp_scenario_39        0.690           0.53     0.00530
gp_scenario_40        0.670           0.62     0.44000
gp_scenario_41        0.630           0.36     0.00120
gp_scenario_42        0.720           0.46     0.17000
gp_scenario_43        0.660           0.55     0.26000
gp_scenario_44        0.680           0.60     0.49000
gp_scenario_45        0.730           0.78     0.61000
gp_scenario_46        0.660           0.46     0.30000
gp_scenario_47        0.690           0.40     0.00130
gp_scenario_48        0.680           0.76     0.67000
gp_scenario_49        0.700           0.56     0.19000
gp_scenario_50        0.630           0.43     0.00210
gp_scenario_51        0.720           0.50     0.00700
gp_scenario_52        0.660           0.45     0.23000
gp_scenario_53        0.680           0.50     0.04600
gp_scenario_54        0.680           0.65     0.00590
gp_scenario_55        0.670           0.57     0.41000
gp_scenario_56        0.680           0.53     0.31000
gp_scenario_57        0.650           0.54     0.34000
gp_scenario_58        0.640           0.45     0.00750
gp_scenario_59        0.690           0.63     0.14000
gp_scenario_60        0.750           0.54     0.09600
gp_scenario_61        0.670           0.50     0.31000
gp_scenario_62        0.630           0.62     0.46000
gp_scenario_63        0.670           0.53     0.27000
gp_scenario_64        0.630           0.46     0.02300
gp_scenario_65        0.800           0.69     0.02000
gp_scenario_66        0.700           0.48     0.09900
gp_scenario_67        0.670           0.68     0.53000
gp_scenario_68        0.780           0.56     0.24000
gp_scenario_69        0.650           0.48     0.00200
gp_scenario_70        0.650           0.46     0.04300
gp_scenario_71        0.640           0.48     0.26000
gp_scenario_72        0.680           0.51     0.13000
gp_scenario_73        0.690           0.50     0.22000
gp_scenario_74        0.720           0.65     0.00500
gp_scenario_75        0.680           0.62     0.01000
gp_scenario_76        0.710           0.60     0.24000
gp_scenario_77        0.690           0.56     0.25000
gp_scenario_78        0.670           0.46     0.13000
gp_scenario_79        0.680           0.43     0.00210
gp_scenario_80        0.650           0.60     0.41000
gp_scenario_81        0.640           0.42     0.00130
gp_scenario_82        0.740           0.82     0.73000
gp_scenario_83        0.650           0.55     0.42000
gp_scenario_84        0.680           0.53     0.00530
gp_scenario_85        0.680           0.45     0.24000
gp_scenario_86        0.680           0.50     0.05900
gp_scenario_87        0.710           0.50     0.35000
gp_scenario_88        0.660           0.61     0.06800
gp_scenario_89        0.690           0.48     0.00240
gp_scenario_90        0.650           0.67     0.59000
gp_scenario_91        0.670           0.52     0.00480
gp_scenario_92        0.730           0.49     0.18000
gp_scenario_93        0.650           0.58     0.36000
gp_scenario_94        0.680           0.58     0.33000
gp_scenario_95        0.710           0.66     0.56000
gp_scenario_96        0.730           0.54     0.31000
gp_scenario_97        0.660           0.62     0.48000
gp_scenario_98        0.700           0.52     0.00110
gp_scenario_99        0.750           0.58     0.44000
gp_scenario_100       0.620           0.49     0.01200
h2_median             0.680           0.54     0.20000
h2_iqr                0.042           0.12     0.38000
