[1] "using maize_env"
Le chargement a nécessité le package : Matrix

Attachement du package : ‘tidyr’

Les objets suivants sont masqués depuis ‘package:Matrix’:

    expand, pack, unpack

Le chargement a nécessité le package : foreach
Le chargement a nécessité le package : iterators
Le chargement a nécessité le package : parallel
Le chargement a nécessité le package : rngtools
This build of rgl does not include OpenGL functions.  Use
 rglwidget() to display results, e.g. via options(rgl.printRglwidget = TRUE).
Le chargement a nécessité le package : Rcpp
Le chargement a nécessité le package : RcppZiggurat
Le chargement a nécessité le package : RcppParallel

Attachement du package : ‘RcppParallel’

L'objet suivant est masqué depuis ‘package:Rcpp’:

    LdFlags


Rfast: 2.1.0
 ___ __ __ __ __    __ __ __ __ __ _             _               __ __ __ __ __     __ __ __ __ __ __   
|  __ __ __ __  |  |  __ __ __ __ _/            / \             |  __ __ __ __ /   /__ __ _   _ __ __\  
| |           | |  | |                         / _ \            | |                        / /          
| |           | |  | |                        / / \ \           | |                       / /          
| |           | |  | |                       / /   \ \          | |                      / /          
| |__ __ __ __| |  | |__ __ __ __           / /     \ \         | |__ __ __ __ _        / /__/\          
|    __ __ __ __|  |  __ __ __ __|         / /__ _ __\ \        |_ __ __ __ _   |      / ___  /           
|   \              | |                    / _ _ _ _ _ _ \                     | |      \/  / /       
| |\ \             | |                   / /           \ \                    | |         / /          
| | \ \            | |                  / /             \ \                   | |        / /          
| |  \ \           | |                 / /               \ \                  | |       / /          
| |   \ \__ __ _   | |                / /                 \ \     _ __ __ __ _| |      / /          
|_|    \__ __ __\  |_|               /_/                   \_\   /_ __ __ __ ___|      \/             team

Attachement du package : ‘Rfast’

Les objets suivants sont masqués depuis ‘package:robustbase’:

    colMedians, rowMedians

L'objet suivant est masqué depuis ‘package:data.table’:

    transpose

Le chargement a nécessité le package : lattice

Attachement du package : ‘plotly’

L'objet suivant est masqué depuis ‘package:ggplot2’:

    last_plot

L'objet suivant est masqué depuis ‘package:MASS’:

    select

L'objet suivant est masqué depuis ‘package:stats’:

    filter

L'objet suivant est masqué depuis ‘package:graphics’:

    layout


Attachement du package : ‘dplyr’

L'objet suivant est masqué depuis ‘package:Rfast’:

    nth

Les objets suivants sont masqués depuis ‘package:data.table’:

    between, first, last

L'objet suivant est masqué depuis ‘package:MASS’:

    select

Les objets suivants sont masqués depuis ‘package:stats’:

    filter, lag

Les objets suivants sont masqués depuis ‘package:base’:

    intersect, setdiff, setequal, union


Attachement du package : ‘kernlab’

L'objet suivant est masqué depuis ‘package:ggplot2’:

    alpha

Le chargement a nécessité le package : corpcor

Attachement du package : ‘corpcor’

L'objet suivant est masqué depuis ‘package:matrixcalc’:

    is.positive.definite

Loaded glmnet 4.1-8

Loaded mixOmics 6.25.1
Thank you for using mixOmics!
Tutorials: http://mixomics.org
Bookdown vignette: https://mixomicsteam.github.io/Bookdown
Questions, issues: Follow the prompts at http://mixomics.org/contact-us
Cite us:  citation('mixOmics')

[1] "kernel: linear"
[1] "trait: plant.height"
Growing trees.. Progress: 64%. Estimated remaining time: 17 seconds.
Growing trees.. Progress: 100%. Estimated remaining time: 0 seconds.
Growing trees.. Progress: 42%. Estimated remaining time: 43 seconds.
Growing trees.. Progress: 71%. Estimated remaining time: 25 seconds.
Growing trees.. Progress: 97%. Estimated remaining time: 2 seconds.
Growing trees.. Progress: 40%. Estimated remaining time: 46 seconds.
Growing trees.. Progress: 69%. Estimated remaining time: 27 seconds.
Growing trees.. Progress: 96%. Estimated remaining time: 3 seconds.
Growing trees.. Progress: 39%. Estimated remaining time: 48 seconds.
Growing trees.. Progress: 71%. Estimated remaining time: 25 seconds.
Growing trees.. Progress: 97%. Estimated remaining time: 2 seconds.
Growing trees.. Progress: 35%. Estimated remaining time: 58 seconds.
Growing trees.. Progress: 67%. Estimated remaining time: 30 seconds.
Growing trees.. Progress: 93%. Estimated remaining time: 7 seconds.
Growing trees.. Progress: 32%. Estimated remaining time: 1 minute, 4 seconds.
Growing trees.. Progress: 69%. Estimated remaining time: 27 seconds.
Growing trees.. Progress: 94%. Estimated remaining time: 5 seconds.
Growing trees.. Progress: 55%. Estimated remaining time: 25 seconds.
Growing trees.. Progress: 92%. Estimated remaining time: 5 seconds.
Growing trees.. Progress: 54%. Estimated remaining time: 26 seconds.
Growing trees.. Progress: 93%. Estimated remaining time: 4 seconds.
Growing trees.. Progress: 47%. Estimated remaining time: 34 seconds.
Growing trees.. Progress: 91%. Estimated remaining time: 6 seconds.
Growing trees.. Progress: 52%. Estimated remaining time: 29 seconds.
Growing trees.. Progress: 94%. Estimated remaining time: 4 seconds.
Growing trees.. Progress: 39%. Estimated remaining time: 49 seconds.
Growing trees.. Progress: 73%. Estimated remaining time: 11 seconds.
Growing trees.. Progress: 74%. Estimated remaining time: 11 seconds.
Growing trees.. Progress: 74%. Estimated remaining time: 10 seconds.
Growing trees.. Progress: 78%. Estimated remaining time: 8 seconds.
Growing trees.. Progress: 40%. Estimated remaining time: 46 seconds.
Growing trees.. Progress: 99%. Estimated remaining time: 0 seconds.
Growing trees.. Progress: 23%. Estimated remaining time: 1 minute, 42 seconds.
Growing trees.. Progress: 50%. Estimated remaining time: 1 minute, 3 seconds.
Growing trees.. Progress: 100%. Estimated remaining time: 0 seconds.
Growing trees.. Progress: 24%. Estimated remaining time: 1 minute, 39 seconds.
Growing trees.. Progress: 52%. Estimated remaining time: 56 seconds.
Growing trees.. Progress: 98%. Estimated remaining time: 1 seconds.
Growing trees.. Progress: 23%. Estimated remaining time: 1 minute, 46 seconds.
Growing trees.. Progress: 57%. Estimated remaining time: 45 seconds.
Growing trees.. Progress: 99%. Estimated remaining time: 0 seconds.
Growing trees.. Progress: 24%. Estimated remaining time: 1 minute, 37 seconds.
Growing trees.. Progress: 56%. Estimated remaining time: 48 seconds.
Growing trees.. Progress: 97%. Estimated remaining time: 3 seconds.
Growing trees.. Progress: 23%. Estimated remaining time: 1 minute, 42 seconds.
Growing trees.. Progress: 74%. Estimated remaining time: 22 seconds.
Growing trees.. Progress: 35%. Estimated remaining time: 58 seconds.
Growing trees.. Progress: 90%. Estimated remaining time: 6 seconds.
Growing trees.. Progress: 38%. Estimated remaining time: 51 seconds.
Growing trees.. Progress: 91%. Estimated remaining time: 5 seconds.
Growing trees.. Progress: 38%. Estimated remaining time: 51 seconds.
Growing trees.. Progress: 92%. Estimated remaining time: 5 seconds.
Growing trees.. Progress: 38%. Estimated remaining time: 50 seconds.
Growing trees.. Progress: 86%. Estimated remaining time: 9 seconds.
Growing trees.. Progress: 35%. Estimated remaining time: 58 seconds.
Growing trees.. Progress: 64%. Estimated remaining time: 34 seconds.
Growing trees.. Progress: 94%. Estimated remaining time: 5 seconds.
Growing trees.. Progress: 39%. Estimated remaining time: 49 seconds.
Growing trees.. Progress: 66%. Estimated remaining time: 31 seconds.
Growing trees.. Progress: 95%. Estimated remaining time: 5 seconds.
Growing trees.. Progress: 37%. Estimated remaining time: 53 seconds.
Growing trees.. Progress: 67%. Estimated remaining time: 30 seconds.
Growing trees.. Progress: 99%. Estimated remaining time: 0 seconds.
Growing trees.. Progress: 34%. Estimated remaining time: 59 seconds.
Growing trees.. Progress: 65%. Estimated remaining time: 33 seconds.
Growing trees.. Progress: 92%. Estimated remaining time: 8 seconds.
Growing trees.. Progress: 32%. Estimated remaining time: 1 minute, 5 seconds.
Growing trees.. Progress: 65%. Estimated remaining time: 32 seconds.
Growing trees.. Progress: 94%. Estimated remaining time: 6 seconds.
$opt_results
   whitening_method alpha_ prediction_method   mean_pa white_reg_combination
6          Cholesky    0.1                rf 0.6141163          Cholesky/0.1
12         Cholesky    0.1               svr 0.6423136          Cholesky/0.1
18         Cholesky    0.1             gblup 0.6486092          Cholesky/0.1
24         Cholesky    0.1              rkhs 0.6521785          Cholesky/0.1
30         Cholesky    0.1             lasso 0.6031336          Cholesky/0.1

$opt_alpha_
[1] 0.1

$opt_whitening_method
[1] "Cholesky"

[1] "Execution time for wiser computation of plant.height with linear kernel : 1.26"
[1] "x_mat_tilde_mult_xi_test[1:10]: 9.39765626428724e-13, 1.68588543665127e-13, -4.79475247889714e-14, 1.02631390799107e-13, 9.7464698190961e-14"
[1] "mean of x_mat_tilde_mult_xi_test: 1.09605064465633e-14"
[1] "median of x_mat_tilde_mult_xi_test: 6.61770155140724e-15"
