[1] "using maize_env"
Le chargement a nécessité le package : Matrix

Attachement du package : ‘tidyr’

Les objets suivants sont masqués depuis ‘package:Matrix’:

    expand, pack, unpack

Le chargement a nécessité le package : foreach
Le chargement a nécessité le package : iterators
Le chargement a nécessité le package : parallel
Le chargement a nécessité le package : rngtools
This build of rgl does not include OpenGL functions.  Use
 rglwidget() to display results, e.g. via options(rgl.printRglwidget = TRUE).
Le chargement a nécessité le package : Rcpp
Le chargement a nécessité le package : RcppZiggurat
Le chargement a nécessité le package : RcppParallel

Attachement du package : ‘RcppParallel’

L'objet suivant est masqué depuis ‘package:Rcpp’:

    LdFlags


Rfast: 2.1.0
 ___ __ __ __ __    __ __ __ __ __ _             _               __ __ __ __ __     __ __ __ __ __ __   
|  __ __ __ __  |  |  __ __ __ __ _/            / \             |  __ __ __ __ /   /__ __ _   _ __ __\  
| |           | |  | |                         / _ \            | |                        / /          
| |           | |  | |                        / / \ \           | |                       / /          
| |           | |  | |                       / /   \ \          | |                      / /          
| |__ __ __ __| |  | |__ __ __ __           / /     \ \         | |__ __ __ __ _        / /__/\          
|    __ __ __ __|  |  __ __ __ __|         / /__ _ __\ \        |_ __ __ __ _   |      / ___  /           
|   \              | |                    / _ _ _ _ _ _ \                     | |      \/  / /       
| |\ \             | |                   / /           \ \                    | |         / /          
| | \ \            | |                  / /             \ \                   | |        / /          
| |  \ \           | |                 / /               \ \                  | |       / /          
| |   \ \__ __ _   | |                / /                 \ \     _ __ __ __ _| |      / /          
|_|    \__ __ __\  |_|               /_/                   \_\   /_ __ __ __ ___|      \/             team

Attachement du package : ‘Rfast’

Les objets suivants sont masqués depuis ‘package:robustbase’:

    colMedians, rowMedians

L'objet suivant est masqué depuis ‘package:data.table’:

    transpose

Le chargement a nécessité le package : lattice

Attachement du package : ‘plotly’

L'objet suivant est masqué depuis ‘package:ggplot2’:

    last_plot

L'objet suivant est masqué depuis ‘package:MASS’:

    select

L'objet suivant est masqué depuis ‘package:stats’:

    filter

L'objet suivant est masqué depuis ‘package:graphics’:

    layout


Attachement du package : ‘dplyr’

L'objet suivant est masqué depuis ‘package:Rfast’:

    nth

Les objets suivants sont masqués depuis ‘package:data.table’:

    between, first, last

L'objet suivant est masqué depuis ‘package:MASS’:

    select

Les objets suivants sont masqués depuis ‘package:stats’:

    filter, lag

Les objets suivants sont masqués depuis ‘package:base’:

    intersect, setdiff, setequal, union


Attachement du package : ‘kernlab’

L'objet suivant est masqué depuis ‘package:ggplot2’:

    alpha

Le chargement a nécessité le package : corpcor

Attachement du package : ‘corpcor’

L'objet suivant est masqué depuis ‘package:matrixcalc’:

    is.positive.definite

Loaded glmnet 4.1-8

Loaded mixOmics 6.25.1
Thank you for using mixOmics!
Tutorials: http://mixomics.org
Bookdown vignette: https://mixomicsteam.github.io/Bookdown
Questions, issues: Follow the prompts at http://mixomics.org/contact-us
Cite us:  citation('mixOmics')

[1] "kernel: linear"
[1] "trait: anthesis.silking.interval"
                RF_wiser SVR_wiser GBLUP_wiser RKHS_wiser LASSO_wiser
gp_scenario_1       0.64      0.63       0.570       0.61        0.66
gp_scenario_2       0.74      0.72       0.680       0.71        0.72
gp_scenario_3       0.70      0.71       0.680       0.71        0.63
gp_scenario_4       0.63      0.68       0.680       0.68        0.65
gp_scenario_5       0.59      0.65       0.640       0.67        0.67
gp_scenario_6       0.66      0.65       0.620       0.64        0.59
gp_scenario_7       0.65      0.71       0.690       0.71        0.71
gp_scenario_8       0.70      0.75       0.740       0.75        0.72
gp_scenario_9       0.65      0.67       0.620       0.66        0.69
gp_scenario_10      0.61      0.62       0.550       0.61        0.62
gp_scenario_11      0.69      0.74       0.700       0.73        0.65
gp_scenario_12      0.69      0.70       0.680       0.70        0.72
gp_scenario_13      0.66      0.66       0.620       0.65        0.68
gp_scenario_14      0.53      0.57       0.560       0.58        0.63
gp_scenario_15      0.62      0.69       0.680       0.69        0.55
gp_scenario_16      0.51      0.55       0.510       0.53        0.62
gp_scenario_17      0.51      0.60       0.570       0.59        0.54
gp_scenario_18      0.73      0.69       0.620       0.67        0.64
gp_scenario_19      0.72      0.74       0.700       0.73        0.70
gp_scenario_20      0.67      0.69       0.680       0.69        0.74
gp_scenario_21      0.72      0.74       0.710       0.72        0.69
gp_scenario_22      0.64      0.73       0.710       0.75        0.67
gp_scenario_23      0.62      0.68       0.680       0.69        0.68
gp_scenario_24      0.65      0.65       0.630       0.64        0.65
gp_scenario_25      0.64      0.67       0.640       0.67        0.62
gp_scenario_26      0.65      0.65       0.620       0.65        0.67
gp_scenario_27      0.69      0.71       0.690       0.70        0.67
gp_scenario_28      0.67      0.70       0.650       0.71        0.70
gp_scenario_29      0.67      0.68       0.650       0.67        0.63
gp_scenario_30      0.57      0.65       0.620       0.64        0.65
gp_scenario_31      0.64      0.69       0.660       0.69        0.73
gp_scenario_32      0.78      0.79       0.750       0.78        0.77
gp_scenario_33      0.60      0.61       0.600       0.61        0.60
gp_scenario_34      0.66      0.69       0.660       0.70        0.72
gp_scenario_35      0.59      0.66       0.600       0.65        0.59
gp_scenario_36      0.66      0.70       0.660       0.69        0.73
gp_scenario_37      0.80      0.79       0.790       0.80        0.78
gp_scenario_38      0.68      0.73       0.690       0.72        0.70
gp_scenario_39      0.60      0.61       0.580       0.62        0.63
gp_scenario_40      0.59      0.63       0.600       0.63        0.67
gp_scenario_41      0.65      0.72       0.720       0.74        0.72
gp_scenario_42      0.73      0.76       0.730       0.76        0.73
gp_scenario_43      0.59      0.59       0.570       0.59        0.63
gp_scenario_44      0.71      0.72       0.630       0.69        0.71
gp_scenario_45      0.68      0.73       0.740       0.74        0.70
gp_scenario_46      0.68      0.73       0.680       0.71        0.62
gp_scenario_47      0.69      0.72       0.660       0.69        0.67
gp_scenario_48      0.63      0.67       0.670       0.69        0.65
gp_scenario_49      0.64      0.63       0.600       0.61        0.69
gp_scenario_50      0.68      0.68       0.650       0.69        0.65
gp_scenario_51      0.59      0.66       0.680       0.66        0.63
gp_scenario_52      0.69      0.72       0.630       0.71        0.66
gp_scenario_53      0.62      0.67       0.640       0.66        0.65
gp_scenario_54      0.62      0.64       0.630       0.65        0.60
gp_scenario_55      0.64      0.71       0.680       0.70        0.55
gp_scenario_56      0.68      0.72       0.720       0.72        0.69
gp_scenario_57      0.67      0.69       0.660       0.69        0.70
gp_scenario_58      0.78      0.83       0.790       0.83        0.78
gp_scenario_59      0.52      0.62       0.630       0.62        0.61
gp_scenario_60      0.61      0.64       0.590       0.61        0.65
gp_scenario_61      0.65      0.71       0.680       0.70        0.68
gp_scenario_62      0.70      0.72       0.700       0.71        0.77
gp_scenario_63      0.64      0.65       0.630       0.66        0.68
gp_scenario_64      0.64      0.69       0.660       0.69        0.74
gp_scenario_65      0.68      0.68       0.650       0.68        0.63
gp_scenario_66      0.55      0.57       0.520       0.56        0.59
gp_scenario_67      0.65      0.71       0.680       0.72        0.68
gp_scenario_68      0.57      0.61       0.570       0.60        0.58
gp_scenario_69      0.70      0.74       0.720       0.76        0.70
gp_scenario_70      0.67      0.71       0.710       0.71        0.67
gp_scenario_71      0.68      0.74       0.710       0.74        0.66
gp_scenario_72      0.61      0.70       0.660       0.70        0.59
gp_scenario_73      0.64      0.65       0.640       0.65        0.68
gp_scenario_74      0.59      0.61       0.570       0.59        0.62
gp_scenario_75      0.76      0.73       0.720       0.73        0.68
gp_scenario_76      0.52      0.64       0.630       0.66        0.56
gp_scenario_77      0.73      0.75       0.750       0.76        0.65
gp_scenario_78      0.73      0.74       0.730       0.75        0.70
gp_scenario_79      0.62      0.65       0.590       0.63        0.56
gp_scenario_80      0.65      0.67       0.610       0.66        0.63
gp_scenario_81      0.61      0.64       0.610       0.63        0.56
gp_scenario_82      0.63      0.68       0.680       0.68        0.71
gp_scenario_83      0.74      0.74       0.700       0.74        0.73
gp_scenario_84      0.50      0.52       0.510       0.52        0.46
gp_scenario_85      0.78      0.80       0.760       0.79        0.76
gp_scenario_86      0.73      0.72       0.660       0.71        0.73
gp_scenario_87      0.65      0.71       0.690       0.71        0.68
gp_scenario_88      0.53      0.58       0.590       0.59        0.52
gp_scenario_89      0.67      0.66       0.640       0.66        0.67
gp_scenario_90      0.65      0.69       0.680       0.69        0.68
gp_scenario_91      0.73      0.77       0.750       0.77        0.71
gp_scenario_92      0.71      0.66       0.620       0.64        0.71
gp_scenario_93      0.69      0.70       0.630       0.70        0.69
gp_scenario_94      0.61      0.68       0.620       0.68        0.65
gp_scenario_95      0.66      0.67       0.660       0.68        0.64
gp_scenario_96      0.66      0.70       0.700       0.71        0.72
gp_scenario_97      0.71      0.72       0.680       0.71        0.67
gp_scenario_98      0.73      0.75       0.720       0.75        0.68
gp_scenario_99      0.70      0.73       0.700       0.72        0.67
gp_scenario_100     0.50      0.53       0.480       0.54        0.59
pa_median           0.65      0.69       0.660       0.69        0.67
pa_iqr              0.07      0.07       0.072       0.06        0.07
                RF_ls_means SVR_ls_means GBLUP_ls_means RKHS_ls_means
gp_scenario_1          0.38         0.37          0.340          0.37
gp_scenario_2          0.40         0.22          0.085          0.19
gp_scenario_3          0.53         0.50          0.420          0.49
gp_scenario_4          0.38         0.34          0.290          0.30
gp_scenario_5          0.47         0.49          0.490          0.49
gp_scenario_6          0.46         0.38          0.330          0.37
gp_scenario_7          0.51         0.53          0.490          0.50
gp_scenario_8          0.47         0.51          0.460          0.49
gp_scenario_9          0.49         0.43          0.390          0.44
gp_scenario_10         0.37         0.37          0.260          0.32
gp_scenario_11         0.38         0.40          0.330          0.37
gp_scenario_12         0.38         0.40          0.400          0.39
gp_scenario_13         0.43         0.39          0.250          0.30
gp_scenario_14         0.43         0.42          0.390          0.41
gp_scenario_15         0.39         0.45          0.450          0.46
gp_scenario_16         0.53         0.50          0.370          0.49
gp_scenario_17         0.20         0.24          0.190          0.22
gp_scenario_18         0.46         0.38          0.250          0.35
gp_scenario_19         0.52         0.53          0.500          0.51
gp_scenario_20         0.24         0.25          0.190          0.24
gp_scenario_21         0.50         0.45          0.440          0.43
gp_scenario_22         0.56         0.56          0.500          0.59
gp_scenario_23         0.47         0.52          0.470          0.48
gp_scenario_24         0.46         0.44          0.380          0.42
gp_scenario_25         0.29         0.26          0.220          0.27
gp_scenario_26         0.41         0.38          0.290          0.37
gp_scenario_27         0.62         0.56          0.530          0.58
gp_scenario_28         0.46         0.42          0.290          0.39
gp_scenario_29         0.33         0.29          0.260          0.25
gp_scenario_30         0.31         0.30          0.240          0.30
gp_scenario_31         0.56         0.57          0.600          0.54
gp_scenario_32         0.58         0.53          0.450          0.55
gp_scenario_33         0.32         0.30          0.250          0.28
gp_scenario_34         0.51         0.40          0.250          0.35
gp_scenario_35         0.31         0.35          0.360          0.37
gp_scenario_36         0.59         0.59          0.520          0.59
gp_scenario_37         0.32         0.28          0.230          0.26
gp_scenario_38         0.46         0.42          0.410          0.44
gp_scenario_39         0.44         0.49          0.470          0.48
gp_scenario_40         0.26         0.30          0.270          0.29
gp_scenario_41         0.51         0.50          0.460          0.50
gp_scenario_42         0.54         0.51          0.470          0.50
gp_scenario_43         0.35         0.31          0.260          0.29
gp_scenario_44         0.50         0.43          0.330          0.43
gp_scenario_45         0.42         0.48          0.470          0.47
gp_scenario_46         0.43         0.48          0.470          0.45
gp_scenario_47         0.52         0.45          0.350          0.39
gp_scenario_48         0.48         0.49          0.460          0.50
gp_scenario_49         0.44         0.34          0.310          0.34
gp_scenario_50         0.39         0.32          0.190          0.35
gp_scenario_51         0.35         0.38          0.370          0.36
gp_scenario_52         0.40         0.41          0.290          0.40
gp_scenario_53         0.53         0.51          0.440          0.48
gp_scenario_54         0.26         0.26          0.260          0.25
gp_scenario_55         0.51         0.46          0.410          0.46
gp_scenario_56         0.46         0.41          0.370          0.41
gp_scenario_57         0.32         0.29          0.240          0.29
gp_scenario_58         0.64         0.63          0.540          0.63
gp_scenario_59         0.49         0.52          0.450          0.48
gp_scenario_60         0.36         0.30          0.180          0.27
gp_scenario_61         0.39         0.37          0.270          0.36
gp_scenario_62         0.58         0.56          0.490          0.56
gp_scenario_63         0.46         0.49          0.470          0.47
gp_scenario_64         0.44         0.41          0.340          0.40
gp_scenario_65         0.28         0.25          0.220          0.23
gp_scenario_66         0.43         0.37          0.280          0.35
gp_scenario_67         0.40         0.41          0.320          0.41
gp_scenario_68         0.41         0.40          0.370          0.39
gp_scenario_69         0.39         0.37          0.340          0.38
gp_scenario_70         0.41         0.43          0.450          0.37
gp_scenario_71         0.43         0.51          0.470          0.49
gp_scenario_72         0.50         0.44          0.400          0.42
gp_scenario_73         0.34         0.36          0.330          0.35
gp_scenario_74         0.36         0.31          0.250          0.29
gp_scenario_75         0.51         0.40          0.260          0.33
gp_scenario_76         0.54         0.54          0.500          0.54
gp_scenario_77         0.46         0.45          0.370          0.44
gp_scenario_78         0.48         0.48          0.450          0.49
gp_scenario_79         0.39         0.36          0.300          0.35
gp_scenario_80         0.45         0.47          0.450          0.47
gp_scenario_81         0.30         0.28          0.180          0.23
gp_scenario_82         0.23         0.23          0.190          0.22
gp_scenario_83         0.56         0.59          0.550          0.54
gp_scenario_84         0.38         0.41          0.370          0.40
gp_scenario_85         0.48         0.39          0.270          0.34
gp_scenario_86         0.59         0.50          0.370          0.48
gp_scenario_87         0.37         0.34          0.290          0.34
gp_scenario_88         0.31         0.27          0.220          0.24
gp_scenario_89         0.44         0.49          0.510          0.46
gp_scenario_90         0.33         0.33          0.260          0.31
gp_scenario_91         0.53         0.53          0.450          0.50
gp_scenario_92         0.47         0.43          0.370          0.41
gp_scenario_93         0.49         0.41          0.360          0.43
gp_scenario_94         0.56         0.53          0.450          0.53
gp_scenario_95         0.31         0.38          0.410          0.37
gp_scenario_96         0.57         0.56          0.540          0.58
gp_scenario_97         0.29         0.28          0.220          0.24
gp_scenario_98         0.52         0.50          0.400          0.48
gp_scenario_99         0.44         0.42          0.390          0.40
gp_scenario_100        0.32         0.38          0.360          0.38
pa_median              0.44         0.41          0.370          0.40
pa_iqr                 0.13         0.13          0.180          0.14
                LASSO_ls_means RF_blups SVR_blups GBLUP_blups RKHS_blups
gp_scenario_1             0.24    0.310   2.8e-01     0.26000      0.280
gp_scenario_2             0.29    0.049  -1.5e-01    -0.17000     -0.150
gp_scenario_3             0.41    0.320   3.4e-01     0.25000      0.320
gp_scenario_4             0.36    0.270   2.4e-01     0.18000      0.150
gp_scenario_5             0.50    0.520   4.3e-01     0.43000      0.460
gp_scenario_6             0.43    0.460   2.2e-01     0.18000      0.220
gp_scenario_7             0.44    0.510   4.8e-01     0.41000      0.430
gp_scenario_8             0.41    0.420   3.6e-01     0.34000      0.360
gp_scenario_9             0.43    0.200   2.2e-01     0.22000      0.220
gp_scenario_10            0.35    0.360   2.7e-01     0.13000      0.200
gp_scenario_11            0.51    0.370   2.6e-01     0.22000      0.230
gp_scenario_12            0.35    0.240   2.9e-01     0.29000      0.260
gp_scenario_13            0.44    0.250   1.7e-01     0.06500      0.100
gp_scenario_14            0.33    0.380   3.7e-01     0.27000      0.360
gp_scenario_15            0.27    0.130   2.3e-01     0.29000      0.220
gp_scenario_16            0.57    0.460   3.0e-01     0.18000      0.290
gp_scenario_17            0.15    0.056   8.8e-05    -0.00760     -0.017
gp_scenario_18            0.23    0.220   1.8e-01     0.11000      0.140
gp_scenario_19            0.57    0.390   3.9e-01     0.38000      0.360
gp_scenario_20            0.29    0.160   1.0e-01     0.01700      0.097
gp_scenario_21            0.31    0.300   3.1e-01     0.31000      0.270
gp_scenario_22            0.50    0.430   3.7e-01     0.36000      0.410
gp_scenario_23            0.35    0.330   3.6e-01     0.33000      0.300
gp_scenario_24            0.46    0.430   2.2e-01     0.14000      0.170
gp_scenario_25            0.24    0.150   1.1e-01     0.09100      0.120
gp_scenario_26            0.39    0.220   1.1e-01     0.02800      0.100
gp_scenario_27            0.59    0.450   3.8e-01     0.39000      0.390
gp_scenario_28            0.61    0.300   2.1e-01     0.12000      0.170
gp_scenario_29            0.38    0.200   1.6e-01     0.13000      0.090
gp_scenario_30            0.47    0.320   2.6e-01     0.15000      0.260
gp_scenario_31            0.55    0.620   5.8e-01     0.57000      0.560
gp_scenario_32            0.62    0.200   2.2e-01     0.20000      0.210
gp_scenario_33            0.24    0.320   2.3e-01     0.19000      0.210
gp_scenario_34            0.53    0.140   8.9e-02    -0.01500      0.028
gp_scenario_35            0.29    0.180   2.2e-01     0.27000      0.260
gp_scenario_36            0.60    0.510   4.9e-01     0.41000      0.500
gp_scenario_37            0.22    0.250   1.5e-01     0.07200      0.098
gp_scenario_38            0.46    0.200   1.5e-01     0.18000      0.160
gp_scenario_39            0.47    0.310   3.5e-01     0.36000      0.350
gp_scenario_40            0.34    0.032   9.6e-02     0.12000      0.060
gp_scenario_41            0.43    0.430   3.7e-01     0.32000      0.380
gp_scenario_42            0.55    0.250   3.1e-01     0.30000      0.290
gp_scenario_43            0.37    0.055   6.2e-02     0.07200      0.065
gp_scenario_44            0.48    0.460   3.8e-01     0.24000      0.400
gp_scenario_45            0.44    0.440   4.2e-01     0.41000      0.410
gp_scenario_46            0.43    0.440   4.3e-01     0.40000      0.390
gp_scenario_47            0.53    0.160   1.7e-01     0.15000      0.130
gp_scenario_48            0.29    0.370   3.0e-01     0.28000      0.300
gp_scenario_49            0.24    0.390   2.5e-01     0.21000      0.240
gp_scenario_50            0.49    0.330   1.0e-01    -0.02700      0.160
gp_scenario_51            0.29    0.250   2.3e-01     0.24000      0.200
gp_scenario_52            0.40    0.220   2.5e-01     0.13000      0.230
gp_scenario_53            0.41    0.340   2.8e-01     0.23000      0.280
gp_scenario_54            0.14    0.200   2.1e-01     0.20000      0.190
gp_scenario_55            0.48    0.280   2.2e-01     0.22000      0.200
gp_scenario_56            0.41    0.320   2.0e-01     0.20000      0.200
gp_scenario_57            0.35    0.180   1.6e-01     0.16000      0.160
gp_scenario_58            0.54    0.500   4.4e-01     0.37000      0.440
gp_scenario_59            0.52    0.430   4.2e-01     0.34000      0.380
gp_scenario_60            0.46    0.450   2.5e-01     0.02500      0.160
gp_scenario_61            0.40    0.280   1.4e-01     0.06500      0.140
gp_scenario_62            0.61    0.530   4.6e-01     0.34000      0.460
gp_scenario_63            0.37    0.550   4.9e-01     0.43000      0.480
gp_scenario_64            0.44    0.420   3.6e-01     0.26000      0.350
gp_scenario_65            0.29   -0.098  -6.4e-02     0.00150     -0.074
gp_scenario_66            0.44    0.200   1.2e-01     0.05300      0.120
gp_scenario_67            0.31    0.120   1.8e-01     0.10000      0.180
gp_scenario_68            0.45    0.360   3.3e-01     0.28000      0.300
gp_scenario_69            0.37    0.250   2.3e-01     0.23000      0.250
gp_scenario_70            0.34    0.330   3.4e-01     0.36000      0.210
gp_scenario_71            0.47    0.430   4.1e-01     0.36000      0.380
gp_scenario_72            0.40    0.320   2.9e-01     0.29000      0.240
gp_scenario_73            0.34    0.360   2.2e-01     0.21000      0.230
gp_scenario_74            0.30    0.330   2.5e-01     0.16000      0.200
gp_scenario_75            0.49    0.160   9.5e-02    -0.00078      0.035
gp_scenario_76            0.61    0.530   4.8e-01     0.42000      0.480
gp_scenario_77            0.35    0.320   2.7e-01     0.18000      0.240
gp_scenario_78            0.33    0.260   3.0e-01     0.31000      0.290
gp_scenario_79            0.40    0.330   2.7e-01     0.18000      0.230
gp_scenario_80            0.45    0.260   3.1e-01     0.29000      0.310
gp_scenario_81            0.21    0.094   1.3e-01     0.07600      0.091
gp_scenario_82            0.15    0.047   4.7e-02     0.03400      0.042
gp_scenario_83            0.50    0.430   4.0e-01     0.38000      0.310
gp_scenario_84            0.43    0.380   3.5e-01     0.30000      0.310
gp_scenario_85            0.33    0.140   3.4e-02    -0.06100     -0.010
gp_scenario_86            0.58    0.350   2.8e-01     0.20000      0.270
gp_scenario_87            0.50    0.350   2.8e-01     0.23000      0.290
gp_scenario_88            0.34    0.036   1.5e-02     0.01000     -0.016
gp_scenario_89            0.40    0.460   4.5e-01     0.45000      0.400
gp_scenario_90            0.21    0.170   8.6e-02     0.04200      0.077
gp_scenario_91            0.59    0.270   2.2e-01     0.14000      0.200
gp_scenario_92            0.41    0.270   2.3e-01     0.20000      0.200
gp_scenario_93            0.54    0.410   2.9e-01     0.23000      0.320
gp_scenario_94            0.46    0.420   3.4e-01     0.29000      0.290
gp_scenario_95            0.34    0.360   3.2e-01     0.33000      0.290
gp_scenario_96            0.55    0.330   2.7e-01     0.31000      0.300
gp_scenario_97            0.12    0.180   8.4e-02     0.07600      0.048
gp_scenario_98            0.43    0.260   2.4e-01     0.16000      0.250
gp_scenario_99            0.52    0.550   4.1e-01     0.33000      0.360
gp_scenario_100           0.49    0.370   3.3e-01     0.31000      0.330
pa_median                 0.41    0.320   2.6e-01     0.22000      0.240
pa_iqr                    0.15    0.220   1.7e-01     0.18000      0.160
                LASSO_blups
gp_scenario_1        0.2100
gp_scenario_2        0.0160
gp_scenario_3        0.1300
gp_scenario_4        0.2000
gp_scenario_5        0.4700
gp_scenario_6        0.3900
gp_scenario_7        0.4800
gp_scenario_8        0.3700
gp_scenario_9        0.1700
gp_scenario_10       0.2800
gp_scenario_11       0.4500
gp_scenario_12       0.1500
gp_scenario_13       0.2900
gp_scenario_14       0.2700
gp_scenario_15      -0.0020
gp_scenario_16       0.4800
gp_scenario_17      -0.1000
gp_scenario_18       0.2600
gp_scenario_19       0.4300
gp_scenario_20       0.1600
gp_scenario_21       0.1900
gp_scenario_22       0.5000
gp_scenario_23       0.2000
gp_scenario_24       0.3800
gp_scenario_25       0.1300
gp_scenario_26       0.0990
gp_scenario_27       0.4500
gp_scenario_28       0.2400
gp_scenario_29       0.2700
gp_scenario_30       0.4300
gp_scenario_31       0.5600
gp_scenario_32       0.2200
gp_scenario_33       0.2000
gp_scenario_34       0.2700
gp_scenario_35       0.1400
gp_scenario_36       0.5500
gp_scenario_37       0.3600
gp_scenario_38       0.2400
gp_scenario_39       0.4000
gp_scenario_40       0.1600
gp_scenario_41       0.4400
gp_scenario_42       0.3900
gp_scenario_43       0.1800
gp_scenario_44       0.3300
gp_scenario_45       0.3500
gp_scenario_46       0.3300
gp_scenario_47       0.2100
gp_scenario_48       0.1600
gp_scenario_49       0.1700
gp_scenario_50       0.3300
gp_scenario_51       0.0078
gp_scenario_52       0.1100
gp_scenario_53       0.1600
gp_scenario_54       0.2200
gp_scenario_55       0.2800
gp_scenario_56       0.2800
gp_scenario_57       0.2700
gp_scenario_58       0.4900
gp_scenario_59       0.4200
gp_scenario_60       0.4600
gp_scenario_61       0.2100
gp_scenario_62       0.5300
gp_scenario_63       0.3400
gp_scenario_64       0.4400
gp_scenario_65       0.0600
gp_scenario_66       0.3400
gp_scenario_67       0.0660
gp_scenario_68       0.1100
gp_scenario_69       0.2900
gp_scenario_70       0.3500
gp_scenario_71       0.4300
gp_scenario_72       0.2300
gp_scenario_73       0.2800
gp_scenario_74       0.2700
gp_scenario_75       0.2500
gp_scenario_76       0.4600
gp_scenario_77       0.2000
gp_scenario_78       0.2300
gp_scenario_79       0.1300
gp_scenario_80       0.2600
gp_scenario_81       0.0790
gp_scenario_82       0.0350
gp_scenario_83       0.3000
gp_scenario_84       0.4000
gp_scenario_85       0.0270
gp_scenario_86       0.4500
gp_scenario_87       0.4200
gp_scenario_88       0.0640
gp_scenario_89       0.4800
gp_scenario_90       0.1400
gp_scenario_91       0.3900
gp_scenario_92       0.2700
gp_scenario_93       0.3400
gp_scenario_94       0.3600
gp_scenario_95       0.3500
gp_scenario_96       0.3100
gp_scenario_97       0.0140
gp_scenario_98       0.2500
gp_scenario_99       0.4600
gp_scenario_100      0.4600
pa_median            0.2700
pa_iqr               0.2200
                GBLUP_wiser GBLUP_ls_means GBLUP_blups
gp_scenario_1          0.82           0.60       0.450
gp_scenario_2          0.83           0.76       0.720
gp_scenario_3          0.87           0.65       0.550
gp_scenario_4          0.78           0.66       0.560
gp_scenario_5          0.80           0.63       0.390
gp_scenario_6          0.83           0.72       0.640
gp_scenario_7          0.84           0.59       0.400
gp_scenario_8          0.78           0.56       0.420
gp_scenario_9          0.84           0.61       0.490
gp_scenario_10         0.81           0.73       0.640
gp_scenario_11         0.80           0.68       0.590
gp_scenario_12         0.82           0.63       0.510
gp_scenario_13         0.84           0.85       0.820
gp_scenario_14         0.86           0.60       0.430
gp_scenario_15         0.79           0.58       0.450
gp_scenario_16         0.92           0.68       0.590
gp_scenario_17         0.77           0.60       0.480
gp_scenario_18         0.83           0.67       0.590
gp_scenario_19         0.85           0.60       0.450
gp_scenario_20         0.80           0.80       0.740
gp_scenario_21         0.90           0.65       0.500
gp_scenario_22         0.78           0.57       0.400
gp_scenario_23         0.80           0.60       0.490
gp_scenario_24         0.80           0.66       0.590
gp_scenario_25         0.81           0.66       0.540
gp_scenario_26         0.80           0.68       0.600
gp_scenario_27         0.84           0.58       0.440
gp_scenario_28         0.79           0.67       0.590
gp_scenario_29         0.85           0.68       0.610
gp_scenario_30         0.83           0.74       0.630
gp_scenario_31         0.81           0.46       0.049
gp_scenario_32         0.83           0.56       0.460
gp_scenario_33         0.86           0.71       0.600
gp_scenario_34         0.80           0.76       0.730
gp_scenario_35         0.82           0.69       0.590
gp_scenario_36         0.89           0.60       0.410
gp_scenario_37         0.78           0.74       0.670
gp_scenario_38         0.85           0.64       0.540
gp_scenario_39         0.79           0.55       0.330
gp_scenario_40         0.83           0.65       0.570
gp_scenario_41         0.78           0.61       0.450
gp_scenario_42         0.84           0.66       0.560
gp_scenario_43         0.86           0.76       0.710
gp_scenario_44         0.85           0.55       0.360
gp_scenario_45         0.80           0.62       0.480
gp_scenario_46         0.80           0.58       0.410
gp_scenario_47         0.85           0.77       0.710
gp_scenario_48         0.78           0.61       0.500
gp_scenario_49         0.86           0.69       0.580
gp_scenario_50         0.82           0.63       0.540
gp_scenario_51         0.76           0.59       0.450
gp_scenario_52         0.81           0.67       0.550
gp_scenario_53         0.86           0.75       0.660
gp_scenario_54         0.83           0.67       0.560
gp_scenario_55         0.87           0.63       0.550
gp_scenario_56         0.86           0.63       0.530
gp_scenario_57         0.82           0.70       0.600
gp_scenario_58         0.77           0.56       0.390
gp_scenario_59         0.77           0.61       0.500
gp_scenario_60         0.87           0.73       0.640
gp_scenario_61         0.83           0.73       0.640
gp_scenario_62         0.80           0.59       0.420
gp_scenario_63         0.83           0.55       0.250
gp_scenario_64         0.79           0.67       0.540
gp_scenario_65         0.84           0.73       0.700
gp_scenario_66         0.86           0.72       0.660
gp_scenario_67         0.81           0.62       0.530
gp_scenario_68         0.89           0.72       0.600
gp_scenario_69         0.79           0.66       0.570
gp_scenario_70         0.77           0.57       0.440
gp_scenario_71         0.79           0.62       0.460
gp_scenario_72         0.82           0.59       0.460
gp_scenario_73         0.81           0.59       0.460
gp_scenario_74         0.90           0.71       0.610
gp_scenario_75         0.81           0.81       0.780
gp_scenario_76         0.83           0.59       0.420
gp_scenario_77         0.79           0.69       0.600
gp_scenario_78         0.81           0.64       0.530
gp_scenario_79         0.85           0.66       0.560
gp_scenario_80         0.83           0.56       0.380
gp_scenario_81         0.83           0.66       0.560
gp_scenario_82         0.82           0.82       0.760
gp_scenario_83         0.78           0.58       0.460
gp_scenario_84         0.86           0.56       0.390
gp_scenario_85         0.81           0.79       0.760
gp_scenario_86         0.86           0.71       0.610
gp_scenario_87         0.81           0.70       0.590
gp_scenario_88         0.83           0.73       0.670
gp_scenario_89         0.80           0.51       0.230
gp_scenario_90         0.82           0.67       0.600
gp_scenario_91         0.85           0.73       0.650
gp_scenario_92         0.89           0.68       0.590
gp_scenario_93         0.78           0.65       0.520
gp_scenario_94         0.80           0.49       0.290
gp_scenario_95         0.81           0.65       0.530
gp_scenario_96         0.83           0.64       0.550
gp_scenario_97         0.78           0.73       0.670
gp_scenario_98         0.84           0.71       0.620
gp_scenario_99         0.87           0.66       0.520
gp_scenario_100        0.82           0.56       0.390
h2_median              0.82           0.66       0.550
h2_iqr                 0.05           0.11       0.150
