[1] "using maize_env"
Le chargement a nécessité le package : Matrix

Attachement du package : ‘tidyr’

Les objets suivants sont masqués depuis ‘package:Matrix’:

    expand, pack, unpack

Le chargement a nécessité le package : foreach
Le chargement a nécessité le package : iterators
Le chargement a nécessité le package : parallel
Le chargement a nécessité le package : rngtools
This build of rgl does not include OpenGL functions.  Use
 rglwidget() to display results, e.g. via options(rgl.printRglwidget = TRUE).
Le chargement a nécessité le package : Rcpp
Le chargement a nécessité le package : RcppZiggurat
Le chargement a nécessité le package : RcppParallel

Attachement du package : ‘RcppParallel’

L'objet suivant est masqué depuis ‘package:Rcpp’:

    LdFlags


Rfast: 2.1.0
 ___ __ __ __ __    __ __ __ __ __ _             _               __ __ __ __ __     __ __ __ __ __ __   
|  __ __ __ __  |  |  __ __ __ __ _/            / \             |  __ __ __ __ /   /__ __ _   _ __ __\  
| |           | |  | |                         / _ \            | |                        / /          
| |           | |  | |                        / / \ \           | |                       / /          
| |           | |  | |                       / /   \ \          | |                      / /          
| |__ __ __ __| |  | |__ __ __ __           / /     \ \         | |__ __ __ __ _        / /__/\          
|    __ __ __ __|  |  __ __ __ __|         / /__ _ __\ \        |_ __ __ __ _   |      / ___  /           
|   \              | |                    / _ _ _ _ _ _ \                     | |      \/  / /       
| |\ \             | |                   / /           \ \                    | |         / /          
| | \ \            | |                  / /             \ \                   | |        / /          
| |  \ \           | |                 / /               \ \                  | |       / /          
| |   \ \__ __ _   | |                / /                 \ \     _ __ __ __ _| |      / /          
|_|    \__ __ __\  |_|               /_/                   \_\   /_ __ __ __ ___|      \/             team

Attachement du package : ‘Rfast’

Les objets suivants sont masqués depuis ‘package:robustbase’:

    colMedians, rowMedians

L'objet suivant est masqué depuis ‘package:data.table’:

    transpose

Le chargement a nécessité le package : lattice

Attachement du package : ‘plotly’

L'objet suivant est masqué depuis ‘package:ggplot2’:

    last_plot

L'objet suivant est masqué depuis ‘package:MASS’:

    select

L'objet suivant est masqué depuis ‘package:stats’:

    filter

L'objet suivant est masqué depuis ‘package:graphics’:

    layout


Attachement du package : ‘dplyr’

L'objet suivant est masqué depuis ‘package:Rfast’:

    nth

Les objets suivants sont masqués depuis ‘package:data.table’:

    between, first, last

L'objet suivant est masqué depuis ‘package:MASS’:

    select

Les objets suivants sont masqués depuis ‘package:stats’:

    filter, lag

Les objets suivants sont masqués depuis ‘package:base’:

    intersect, setdiff, setequal, union


Attachement du package : ‘kernlab’

L'objet suivant est masqué depuis ‘package:ggplot2’:

    alpha

Le chargement a nécessité le package : corpcor

Attachement du package : ‘corpcor’

L'objet suivant est masqué depuis ‘package:matrixcalc’:

    is.positive.definite

Loaded glmnet 4.1-8

Loaded mixOmics 6.25.1
Thank you for using mixOmics!
Tutorials: http://mixomics.org
Bookdown vignette: https://mixomicsteam.github.io/Bookdown
Questions, issues: Follow the prompts at http://mixomics.org/contact-us
Cite us:  citation('mixOmics')

[1] "kernel: linear"
[1] "trait: grain.weight"
                RF_wiser SVR_wiser GBLUP_wiser RKHS_wiser LASSO_wiser
gp_scenario_1       0.70      0.71        0.64       0.73        0.74
gp_scenario_2       0.70      0.73        0.70       0.72        0.67
gp_scenario_3       0.68      0.69        0.62       0.71        0.68
gp_scenario_4       0.59      0.57        0.55       0.58        0.58
gp_scenario_5       0.64      0.62        0.54       0.64        0.57
gp_scenario_6       0.77      0.73        0.68       0.75        0.75
gp_scenario_7       0.71      0.73        0.68       0.71        0.70
gp_scenario_8       0.62      0.68        0.64       0.68        0.66
gp_scenario_9       0.55      0.54        0.49       0.54        0.56
gp_scenario_10      0.62      0.57        0.53       0.60        0.60
gp_scenario_11      0.68      0.70        0.65       0.70        0.69
gp_scenario_12      0.83      0.80        0.74       0.82        0.74
gp_scenario_13      0.58      0.56        0.56       0.57        0.57
gp_scenario_14      0.36      0.40        0.36       0.41        0.37
gp_scenario_15      0.62      0.67        0.63       0.67        0.63
gp_scenario_16      0.29      0.26        0.24       0.26        0.28
gp_scenario_17      0.62      0.65        0.64       0.65        0.55
gp_scenario_18      0.70      0.69        0.65       0.70        0.71
gp_scenario_19      0.74      0.77        0.68       0.78        0.71
gp_scenario_20      0.69      0.73        0.68       0.74        0.72
gp_scenario_21      0.67      0.70        0.63       0.70        0.59
gp_scenario_22      0.58      0.57        0.55       0.59        0.56
gp_scenario_23      0.53      0.54        0.42       0.55        0.59
gp_scenario_24      0.63      0.62        0.56       0.62        0.53
gp_scenario_25      0.67      0.65        0.58       0.65        0.61
gp_scenario_26      0.61      0.60        0.57       0.62        0.64
gp_scenario_27      0.69      0.66        0.60       0.64        0.66
gp_scenario_28      0.66      0.63        0.61       0.66        0.68
gp_scenario_29      0.68      0.66        0.59       0.67        0.67
gp_scenario_30      0.66      0.71        0.69       0.74        0.69
gp_scenario_31      0.68      0.72        0.68       0.73        0.67
gp_scenario_32      0.64      0.64        0.63       0.64        0.66
gp_scenario_33      0.68      0.67        0.64       0.68        0.75
gp_scenario_34      0.60      0.61        0.58       0.61        0.52
gp_scenario_35      0.67      0.59        0.43       0.62        0.66
gp_scenario_36      0.51      0.54        0.46       0.52        0.50
gp_scenario_37      0.62      0.60        0.55       0.61        0.63
gp_scenario_38      0.74      0.78        0.68       0.77        0.75
gp_scenario_39      0.59      0.62        0.55       0.63        0.66
gp_scenario_40      0.65      0.68        0.64       0.69        0.66
gp_scenario_41      0.68      0.72        0.67       0.73        0.64
gp_scenario_42      0.55      0.55        0.55       0.56        0.57
gp_scenario_43      0.60      0.65        0.57       0.65        0.63
gp_scenario_44      0.60      0.66        0.63       0.65        0.58
gp_scenario_45      0.66      0.65        0.61       0.67        0.65
gp_scenario_46      0.70      0.73        0.65       0.73        0.65
gp_scenario_47      0.55      0.58        0.55       0.57        0.57
gp_scenario_48      0.63      0.65        0.63       0.67        0.67
gp_scenario_49      0.65      0.70        0.67       0.69        0.69
gp_scenario_50      0.63      0.65        0.64       0.66        0.69
gp_scenario_51      0.45      0.52        0.51       0.52        0.45
gp_scenario_52      0.73      0.76        0.75       0.79        0.75
gp_scenario_53      0.63      0.66        0.59       0.66        0.62
gp_scenario_54      0.71      0.65        0.60       0.68        0.70
gp_scenario_55      0.66      0.70        0.65       0.70        0.56
gp_scenario_56      0.62      0.63        0.59       0.64        0.56
gp_scenario_57      0.63      0.68        0.65       0.73        0.68
gp_scenario_58      0.70      0.66        0.67       0.68        0.73
gp_scenario_59      0.50      0.52        0.44       0.51        0.47
gp_scenario_60      0.61      0.66        0.64       0.66        0.58
gp_scenario_61      0.62      0.62        0.61       0.65        0.59
gp_scenario_62      0.73      0.73        0.72       0.75        0.71
gp_scenario_63      0.57      0.54        0.45       0.57        0.50
gp_scenario_64      0.67      0.68        0.61       0.68        0.61
gp_scenario_65      0.58      0.56        0.52       0.57        0.49
gp_scenario_66      0.46      0.46        0.38       0.49        0.51
gp_scenario_67      0.71      0.74        0.65       0.75        0.72
gp_scenario_68      0.58      0.58        0.55       0.59        0.56
gp_scenario_69      0.61      0.62        0.64       0.66        0.61
gp_scenario_70      0.61      0.62        0.60       0.61        0.68
gp_scenario_71      0.65      0.64        0.64       0.66        0.67
gp_scenario_72      0.67      0.68        0.58       0.69        0.67
gp_scenario_73      0.51      0.53        0.50       0.53        0.51
gp_scenario_74      0.66      0.63        0.59       0.62        0.63
gp_scenario_75      0.71      0.70        0.65       0.72        0.66
gp_scenario_76      0.51      0.53        0.51       0.55        0.56
gp_scenario_77      0.68      0.63        0.64       0.64        0.64
gp_scenario_78      0.69      0.70        0.65       0.71        0.69
gp_scenario_79      0.73      0.72        0.65       0.72        0.71
gp_scenario_80      0.67      0.69        0.65       0.71        0.65
gp_scenario_81      0.75      0.73        0.67       0.76        0.73
gp_scenario_82      0.63      0.60        0.64       0.63        0.59
gp_scenario_83      0.65      0.64        0.55       0.67        0.67
gp_scenario_84      0.60      0.55        0.51       0.56        0.63
gp_scenario_85      0.61      0.65        0.62       0.66        0.64
gp_scenario_86      0.67      0.68        0.62       0.69        0.66
gp_scenario_87      0.68      0.70        0.66       0.72        0.64
gp_scenario_88      0.59      0.58        0.51       0.58        0.58
gp_scenario_89      0.63      0.60        0.55       0.62        0.67
gp_scenario_90      0.63      0.64        0.65       0.67        0.66
gp_scenario_91      0.67      0.69        0.64       0.71        0.66
gp_scenario_92      0.64      0.62        0.61       0.63        0.67
gp_scenario_93      0.77      0.73        0.58       0.75        0.73
gp_scenario_94      0.56      0.60        0.51       0.59        0.59
gp_scenario_95      0.60      0.60        0.61       0.62        0.60
gp_scenario_96      0.60      0.60        0.56       0.61        0.63
gp_scenario_97      0.69      0.65        0.59       0.67        0.70
gp_scenario_98      0.64      0.64        0.57       0.66        0.64
gp_scenario_99      0.57      0.62        0.59       0.61        0.56
gp_scenario_100     0.72      0.74        0.68       0.75        0.75
pa_median           0.64      0.65        0.61       0.66        0.64
pa_iqr              0.08      0.10        0.10       0.10        0.10
                RF_ls_means SVR_ls_means GBLUP_ls_means RKHS_ls_means
gp_scenario_1          0.67         0.65           0.57          0.64
gp_scenario_2          0.48         0.51           0.51          0.51
gp_scenario_3          0.67         0.67           0.64          0.66
gp_scenario_4          0.50         0.48           0.43          0.48
gp_scenario_5          0.58         0.55           0.50          0.53
gp_scenario_6          0.59         0.55           0.51          0.54
gp_scenario_7          0.55         0.58           0.58          0.59
gp_scenario_8          0.56         0.54           0.48          0.53
gp_scenario_9          0.67         0.65           0.59          0.66
gp_scenario_10         0.59         0.57           0.54          0.56
gp_scenario_11         0.56         0.54           0.46          0.51
gp_scenario_12         0.55         0.52           0.51          0.52
gp_scenario_13         0.52         0.56           0.55          0.57
gp_scenario_14         0.70         0.65           0.61          0.65
gp_scenario_15         0.47         0.50           0.47          0.52
gp_scenario_16         0.63         0.63           0.60          0.62
gp_scenario_17         0.50         0.48           0.46          0.49
gp_scenario_18         0.64         0.72           0.67          0.72
gp_scenario_19         0.53         0.50           0.50          0.51
gp_scenario_20         0.62         0.58           0.48          0.56
gp_scenario_21         0.51         0.54           0.55          0.55
gp_scenario_22         0.56         0.52           0.46          0.50
gp_scenario_23         0.61         0.58           0.52          0.56
gp_scenario_24         0.57         0.52           0.43          0.50
gp_scenario_25         0.62         0.56           0.52          0.56
gp_scenario_26         0.54         0.49           0.46          0.50
gp_scenario_27         0.65         0.63           0.61          0.62
gp_scenario_28         0.44         0.39           0.34          0.38
gp_scenario_29         0.68         0.67           0.59          0.64
gp_scenario_30         0.68         0.72           0.71          0.73
gp_scenario_31         0.64         0.62           0.57          0.63
gp_scenario_32         0.60         0.61           0.59          0.60
gp_scenario_33         0.55         0.57           0.51          0.55
gp_scenario_34         0.47         0.45           0.43          0.44
gp_scenario_35         0.62         0.61           0.54          0.59
gp_scenario_36         0.72         0.63           0.56          0.61
gp_scenario_37         0.49         0.44           0.34          0.40
gp_scenario_38         0.57         0.55           0.56          0.55
gp_scenario_39         0.48         0.57           0.59          0.60
gp_scenario_40         0.72         0.68           0.64          0.68
gp_scenario_41         0.43         0.44           0.44          0.44
gp_scenario_42         0.71         0.70           0.64          0.70
gp_scenario_43         0.56         0.55           0.45          0.54
gp_scenario_44         0.65         0.67           0.68          0.66
gp_scenario_45         0.64         0.58           0.56          0.58
gp_scenario_46         0.55         0.55           0.49          0.54
gp_scenario_47         0.66         0.63           0.58          0.62
gp_scenario_48         0.38         0.37           0.36          0.38
gp_scenario_49         0.57         0.57           0.58          0.58
gp_scenario_50         0.62         0.65           0.57          0.65
gp_scenario_51         0.61         0.63           0.58          0.63
gp_scenario_52         0.68         0.68           0.66          0.68
gp_scenario_53         0.60         0.57           0.51          0.55
gp_scenario_54         0.37         0.41           0.42          0.41
gp_scenario_55         0.52         0.46           0.38          0.43
gp_scenario_56         0.67         0.64           0.62          0.65
gp_scenario_57         0.66         0.62           0.54          0.60
gp_scenario_58         0.69         0.68           0.63          0.67
gp_scenario_59         0.50         0.57           0.55          0.58
gp_scenario_60         0.42         0.42           0.42          0.41
gp_scenario_61         0.55         0.52           0.50          0.51
gp_scenario_62         0.40         0.35           0.24          0.33
gp_scenario_63         0.65         0.71           0.68          0.69
gp_scenario_64         0.71         0.68           0.66          0.69
gp_scenario_65         0.52         0.57           0.56          0.57
gp_scenario_66         0.75         0.72           0.69          0.73
gp_scenario_67         0.57         0.54           0.48          0.54
gp_scenario_68         0.44         0.38           0.37          0.37
gp_scenario_69         0.51         0.51           0.46          0.51
gp_scenario_70         0.58         0.58           0.53          0.58
gp_scenario_71         0.47         0.47           0.44          0.46
gp_scenario_72         0.65         0.65           0.60          0.64
gp_scenario_73         0.62         0.57           0.52          0.56
gp_scenario_74         0.65         0.68           0.68          0.68
gp_scenario_75         0.54         0.52           0.45          0.53
gp_scenario_76         0.70         0.69           0.61          0.68
gp_scenario_77         0.70         0.61           0.55          0.60
gp_scenario_78         0.50         0.44           0.44          0.44
gp_scenario_79         0.66         0.64           0.60          0.65
gp_scenario_80         0.48         0.49           0.46          0.50
gp_scenario_81         0.47         0.52           0.52          0.52
gp_scenario_82         0.59         0.53           0.50          0.51
gp_scenario_83         0.67         0.62           0.58          0.64
gp_scenario_84         0.65         0.62           0.55          0.61
gp_scenario_85         0.59         0.55           0.45          0.52
gp_scenario_86         0.62         0.63           0.60          0.64
gp_scenario_87         0.54         0.52           0.52          0.52
gp_scenario_88         0.39         0.36           0.27          0.34
gp_scenario_89         0.61         0.62           0.56          0.64
gp_scenario_90         0.54         0.50           0.43          0.48
gp_scenario_91         0.51         0.57           0.55          0.57
gp_scenario_92         0.74         0.73           0.70          0.73
gp_scenario_93         0.55         0.50           0.48          0.51
gp_scenario_94         0.58         0.60           0.55          0.59
gp_scenario_95         0.54         0.50           0.50          0.50
gp_scenario_96         0.62         0.57           0.47          0.52
gp_scenario_97         0.42         0.41           0.35          0.39
gp_scenario_98         0.63         0.66           0.65          0.67
gp_scenario_99         0.58         0.62           0.64          0.63
gp_scenario_100        0.53         0.54           0.51          0.54
pa_median              0.58         0.57           0.54          0.56
pa_iqr                 0.13         0.11           0.13          0.13
                LASSO_ls_means RF_blups SVR_blups GBLUP_blups RKHS_blups
gp_scenario_1             0.53   0.2200     0.360       0.280      0.290
gp_scenario_2             0.49   0.2300     0.290       0.320      0.270
gp_scenario_3             0.66   0.4800     0.350       0.330      0.230
gp_scenario_4             0.53   0.1300     0.048       0.054      0.058
gp_scenario_5             0.52   0.2800     0.250       0.210      0.200
gp_scenario_6             0.48   0.4400     0.370       0.280      0.210
gp_scenario_7             0.57   0.2800     0.330       0.320      0.300
gp_scenario_8             0.57   0.2200     0.160       0.170      0.160
gp_scenario_9             0.48   0.3200     0.400       0.300      0.260
gp_scenario_10            0.49   0.2300     0.200       0.200      0.200
gp_scenario_11            0.46   0.1600     0.150       0.140      0.084
gp_scenario_12            0.47   0.1900     0.140       0.110      0.110
gp_scenario_13            0.39   0.3600     0.420       0.390      0.330
gp_scenario_14            0.58   0.0880     0.180       0.140      0.130
gp_scenario_15            0.39   0.1600     0.160       0.210      0.150
gp_scenario_16            0.52   0.1700     0.240       0.260      0.210
gp_scenario_17            0.44   0.2300     0.180       0.200      0.210
gp_scenario_18            0.59   0.4600     0.390       0.400      0.220
gp_scenario_19            0.49   0.3000     0.320       0.260      0.210
gp_scenario_20            0.41   0.0530     0.170       0.065      0.130
gp_scenario_21            0.45   0.0660     0.170       0.260      0.130
gp_scenario_22            0.41   0.2800     0.240       0.200      0.230
gp_scenario_23            0.47   0.2500     0.160       0.063      0.150
gp_scenario_24            0.44   0.1300     0.130       0.029      0.096
gp_scenario_25            0.59   0.2100     0.180       0.180      0.160
gp_scenario_26            0.40   0.2300     0.170       0.190      0.180
gp_scenario_27            0.55   0.3000     0.330       0.320      0.230
gp_scenario_28            0.40   0.2500     0.180       0.110      0.140
gp_scenario_29            0.55   0.2500     0.330       0.220      0.190
gp_scenario_30            0.66   0.4900     0.420       0.420      0.290
gp_scenario_31            0.54   0.3000     0.310       0.260      0.240
gp_scenario_32            0.51   0.2600     0.330       0.320      0.300
gp_scenario_33            0.51   0.3600     0.230       0.190      0.150
gp_scenario_34            0.38  -0.0092    -0.058      -0.014     -0.067
gp_scenario_35            0.51   0.3500     0.250       0.170      0.280
gp_scenario_36            0.71   0.3400     0.300       0.200      0.260
gp_scenario_37            0.47   0.1500     0.120       0.028      0.079
gp_scenario_38            0.46   0.2200     0.220       0.250      0.160
gp_scenario_39            0.40   0.4200     0.430       0.460      0.290
gp_scenario_40            0.52   0.2900     0.280       0.220      0.270
gp_scenario_41            0.41   0.0940     0.150       0.180      0.120
gp_scenario_42            0.63   0.2600     0.300       0.250      0.280
gp_scenario_43            0.29   0.1300     0.180       0.070      0.150
gp_scenario_44            0.60   0.3600     0.350       0.430      0.190
gp_scenario_45            0.60   0.4600     0.380       0.330      0.370
gp_scenario_46            0.42   0.2600     0.260       0.190      0.250
gp_scenario_47            0.61   0.2800     0.310       0.280      0.240
gp_scenario_48            0.31  -0.0360    -0.042       0.029     -0.016
gp_scenario_49            0.45   0.2700     0.350       0.340      0.220
gp_scenario_50            0.53   0.3600     0.390       0.200      0.320
gp_scenario_51            0.62   0.1200     0.230       0.210      0.210
gp_scenario_52            0.54   0.3500     0.340       0.320      0.220
gp_scenario_53            0.38   0.1400     0.170       0.220      0.094
gp_scenario_54            0.35   0.2000     0.230       0.250      0.210
gp_scenario_55            0.42   0.1400     0.100       0.044      0.050
gp_scenario_56            0.62   0.2400     0.260       0.260      0.180
gp_scenario_57            0.54   0.3400     0.320       0.260      0.220
gp_scenario_58            0.51   0.3000     0.300       0.300      0.220
gp_scenario_59            0.41   0.2400     0.350       0.270      0.350
gp_scenario_60            0.39   0.1500     0.180       0.160      0.120
gp_scenario_61            0.56   0.0860     0.059       0.083      0.030
gp_scenario_62            0.25   0.1100     0.071       0.057      0.100
gp_scenario_63            0.57   0.3100     0.390       0.330      0.220
gp_scenario_64            0.67   0.3700     0.400       0.370      0.310
gp_scenario_65            0.53   0.2200     0.260       0.250      0.096
gp_scenario_66            0.69   0.3500     0.370       0.320      0.150
gp_scenario_67            0.56   0.1500     0.140       0.098      0.170
gp_scenario_68            0.36   0.1300     0.072       0.057      0.055
gp_scenario_69            0.42   0.0860     0.190       0.200      0.150
gp_scenario_70            0.48   0.2700     0.310       0.230      0.220
gp_scenario_71            0.39   0.0019     0.051       0.100      0.060
gp_scenario_72            0.54   0.3900     0.320       0.220      0.230
gp_scenario_73            0.48   0.0870     0.046       0.110      0.018
gp_scenario_74            0.61   0.5000     0.490       0.470      0.180
gp_scenario_75            0.38   0.2000     0.260       0.140      0.085
gp_scenario_76            0.69   0.4000     0.350       0.220      0.300
gp_scenario_77            0.66   0.2700     0.230       0.210      0.180
gp_scenario_78            0.45   0.0660     0.110       0.110      0.085
gp_scenario_79            0.51   0.2800     0.380       0.320      0.240
gp_scenario_80            0.55   0.3300     0.240       0.190      0.230
gp_scenario_81            0.40   0.2800     0.260       0.310      0.190
gp_scenario_82            0.43   0.2200     0.100       0.047      0.077
gp_scenario_83            0.56   0.1800     0.250       0.230      0.250
gp_scenario_84            0.63   0.5100     0.330       0.230      0.360
gp_scenario_85            0.51   0.2600     0.230       0.160      0.280
gp_scenario_86            0.53   0.2700     0.290       0.310      0.210
gp_scenario_87            0.55   0.2600     0.210       0.250      0.230
gp_scenario_88            0.23   0.1100    -0.100      -0.095     -0.100
gp_scenario_89            0.60   0.2400     0.260       0.170      0.150
gp_scenario_90            0.52   0.1700     0.180       0.140      0.140
gp_scenario_91            0.40   0.2700     0.290       0.300      0.260
gp_scenario_92            0.66   0.3400     0.420       0.380      0.260
gp_scenario_93            0.41   0.1800     0.170       0.190      0.190
gp_scenario_94            0.52   0.1800     0.190       0.130      0.140
gp_scenario_95            0.47   0.4100     0.320       0.320      0.290
gp_scenario_96            0.59   0.1700     0.150       0.055      0.170
gp_scenario_97            0.30   0.1900     0.085       0.052      0.076
gp_scenario_98            0.47   0.1300     0.220       0.250      0.200
gp_scenario_99            0.47   0.3400     0.390       0.400      0.098
gp_scenario_100           0.42   0.3500     0.330       0.290      0.240
pa_median                 0.51   0.2500     0.250       0.220      0.200
pa_iqr                    0.14   0.1600     0.160       0.160      0.110
                LASSO_blups
gp_scenario_1         0.008
gp_scenario_2         0.064
gp_scenario_3         0.380
gp_scenario_4         0.076
gp_scenario_5         0.140
gp_scenario_6         0.350
gp_scenario_7         0.160
gp_scenario_8         0.320
gp_scenario_9            NA
gp_scenario_10        0.110
gp_scenario_11        0.100
gp_scenario_12        0.019
gp_scenario_13        0.230
gp_scenario_14       -0.095
gp_scenario_15       -0.170
gp_scenario_16        0.180
gp_scenario_17        0.033
gp_scenario_18           NA
gp_scenario_19        0.210
gp_scenario_20       -0.027
gp_scenario_21        0.190
gp_scenario_22        0.310
gp_scenario_23        0.043
gp_scenario_24       -0.021
gp_scenario_25        0.120
gp_scenario_26        0.150
gp_scenario_27        0.057
gp_scenario_28           NA
gp_scenario_29        0.250
gp_scenario_30        0.290
gp_scenario_31           NA
gp_scenario_32        0.029
gp_scenario_33        0.240
gp_scenario_34        0.018
gp_scenario_35           NA
gp_scenario_36        0.280
gp_scenario_37        0.095
gp_scenario_38           NA
gp_scenario_39        0.180
gp_scenario_40           NA
gp_scenario_41        0.200
gp_scenario_42           NA
gp_scenario_43           NA
gp_scenario_44        0.310
gp_scenario_45        0.210
gp_scenario_46        0.170
gp_scenario_47        0.220
gp_scenario_48        0.200
gp_scenario_49           NA
gp_scenario_50        0.210
gp_scenario_51           NA
gp_scenario_52           NA
gp_scenario_53       -0.084
gp_scenario_54        0.230
gp_scenario_55        0.001
gp_scenario_56        0.200
gp_scenario_57           NA
gp_scenario_58        0.069
gp_scenario_59       -0.020
gp_scenario_60       -0.013
gp_scenario_61        0.065
gp_scenario_62       -0.037
gp_scenario_63       -0.180
gp_scenario_64           NA
gp_scenario_65        0.150
gp_scenario_66        0.250
gp_scenario_67        0.075
gp_scenario_68        0.023
gp_scenario_69           NA
gp_scenario_70        0.050
gp_scenario_71       -0.016
gp_scenario_72        0.280
gp_scenario_73        0.300
gp_scenario_74        0.360
gp_scenario_75        0.027
gp_scenario_76           NA
gp_scenario_77        0.190
gp_scenario_78       -0.140
gp_scenario_79           NA
gp_scenario_80        0.180
gp_scenario_81        0.240
gp_scenario_82        0.057
gp_scenario_83       -0.065
gp_scenario_84        0.400
gp_scenario_85        0.280
gp_scenario_86        0.150
gp_scenario_87        0.066
gp_scenario_88       -0.088
gp_scenario_89        0.230
gp_scenario_90           NA
gp_scenario_91        0.170
gp_scenario_92           NA
gp_scenario_93           NA
gp_scenario_94           NA
gp_scenario_95        0.100
gp_scenario_96        0.100
gp_scenario_97        0.240
gp_scenario_98        0.170
gp_scenario_99        0.055
gp_scenario_100       0.200
pa_median             0.150
pa_iqr                0.190
                GBLUP_wiser GBLUP_ls_means GBLUP_blups
gp_scenario_1          0.63           0.82      0.0041
gp_scenario_2          0.67           0.82      0.6200
gp_scenario_3          0.64           0.84      0.6800
gp_scenario_4          0.69           0.83      0.6300
gp_scenario_5          0.66           0.83      0.6500
gp_scenario_6          0.63           0.81      0.5600
gp_scenario_7          0.66           0.87      0.6600
gp_scenario_8          0.65           0.86      0.7200
gp_scenario_9          0.70           0.80      0.5900
gp_scenario_10         0.65           0.84      0.6600
gp_scenario_11         0.62           0.89      0.7500
gp_scenario_12         0.66           0.83      0.6700
gp_scenario_13         0.70           0.81      0.0019
gp_scenario_14         0.68           0.83      0.6700
gp_scenario_15         0.63           0.81      0.6100
gp_scenario_16         0.79           0.80      0.6100
gp_scenario_17         0.62           0.78      0.5300
gp_scenario_18         0.65           0.78      0.0015
gp_scenario_19         0.64           0.89      0.7500
gp_scenario_20         0.63           0.86      0.7400
gp_scenario_21         0.69           0.83      0.6300
gp_scenario_22         0.69           0.88      0.6900
gp_scenario_23         0.64           0.85      0.7000
gp_scenario_24         0.64           0.85      0.6600
gp_scenario_25         0.67           0.82      0.6900
gp_scenario_26         0.66           0.79      0.5800
gp_scenario_27         0.70           0.86      0.7300
gp_scenario_28         0.65           0.86      0.7000
gp_scenario_29         0.71           0.87      0.6700
gp_scenario_30         0.59           0.76      0.4500
gp_scenario_31         0.60           0.76      0.4000
gp_scenario_32         0.74           0.89      0.0035
gp_scenario_33         0.61           0.87      0.7200
gp_scenario_34         0.64           0.82      0.7000
gp_scenario_35         0.72           0.83      0.6700
gp_scenario_36         0.71           0.87      0.7400
gp_scenario_37         0.64           0.90      0.8000
gp_scenario_38         0.66           0.80      0.5800
gp_scenario_39         0.66           0.77      0.0017
gp_scenario_40         0.64           0.82      0.6600
gp_scenario_41         0.60           0.84      0.6300
gp_scenario_42         0.72           0.85      0.7100
gp_scenario_43         0.63           0.82      0.6500
gp_scenario_44         0.64           0.75      0.4200
gp_scenario_45         0.70           0.91      0.6700
gp_scenario_46         0.63           0.86      0.6600
gp_scenario_47         0.66           0.77      0.5200
gp_scenario_48         0.67           0.88      0.7700
gp_scenario_49         0.69           0.84      0.6600
gp_scenario_50         0.59           0.79      0.0013
gp_scenario_51         0.71           0.81      0.5900
gp_scenario_52         0.61           0.88      0.1200
gp_scenario_53         0.66           0.81      0.6300
gp_scenario_54         0.66           0.85      0.5600
gp_scenario_55         0.65           0.85      0.7300
gp_scenario_56         0.66           0.75      0.5400
gp_scenario_57         0.61           0.79      0.0033
gp_scenario_58         0.63           0.80      0.6200
gp_scenario_59         0.66           0.87      0.7200
gp_scenario_60         0.71           0.87      0.7400
gp_scenario_61         0.66           0.84      0.7100
gp_scenario_62         0.59           0.84      0.6200
gp_scenario_63         0.65           0.78      0.5300
gp_scenario_64         0.60           0.82      0.6000
gp_scenario_65         0.79           0.85      0.6700
gp_scenario_66         0.69           0.82      0.6400
gp_scenario_67         0.64           0.84      0.7000
gp_scenario_68         0.76           0.96      0.9100
gp_scenario_69         0.62           0.79      0.4300
gp_scenario_70         0.63           0.80      0.4700
gp_scenario_71         0.63           0.84      0.7000
gp_scenario_72         0.65           0.84      0.6000
gp_scenario_73         0.68           0.79      0.6100
gp_scenario_74         0.69           0.85      0.6200
gp_scenario_75         0.64           0.76      0.0087
gp_scenario_76         0.69           0.79      0.4900
gp_scenario_77         0.66           0.80      0.6000
gp_scenario_78         0.65           0.92      0.8300
gp_scenario_79         0.66           0.84      0.0042
gp_scenario_80         0.62           0.84      0.6300
gp_scenario_81         0.59           0.79      0.4700
gp_scenario_82         0.73           0.92      0.8600
gp_scenario_83         0.63           0.80      0.5100
gp_scenario_84         0.65           0.80      0.0130
gp_scenario_85         0.68           0.90      0.7700
gp_scenario_86         0.64           0.84      0.0031
gp_scenario_87         0.69           0.89      0.7400
gp_scenario_88         0.62           0.83      0.6700
gp_scenario_89         0.68           0.81      0.5400
gp_scenario_90         0.63           0.82      0.6600
gp_scenario_91         0.64           0.83      0.6300
gp_scenario_92         0.71           0.79      0.4400
gp_scenario_93         0.63           0.81      0.6200
gp_scenario_94         0.65           0.82      0.6200
gp_scenario_95         0.70           0.89      0.7900
gp_scenario_96         0.72           0.92      0.8500
gp_scenario_97         0.64           0.85      0.7300
gp_scenario_98         0.69           0.81      0.6100
gp_scenario_99         0.72           0.84      0.5800
gp_scenario_100        0.59           0.75      0.2400
h2_median              0.65           0.83      0.6300
h2_iqr                 0.06           0.06      0.1600
